This is pdfTeX, Version 3.1415926-2.3-1.40.12 (MiKTeX 2.9) (preloaded format=pdflatex 2012.1.6)  27 MAR 2012 13:40
entering extended mode
**C:/Users/jb-office/Desktop/AIAA*2012/aiaa-3.6.1/AIAA*2012*BF*3-27-2012.tex
("C:/Users/jb-office/Desktop/AIAA 2012/aiaa-3.6.1/AIAA 2012 BF 3-27-2012.tex"
LaTeX2e <2011/06/27>
Babel <v3.8m> and hyphenation patterns for english, afrikaans, ancientgreek, ar
abic, armenian, assamese, basque, bengali, bokmal, bulgarian, catalan, coptic, 
croatian, czech, danish, dutch, esperanto, estonian, farsi, finnish, french, ga
lician, german, german-x-2009-06-19, greek, gujarati, hindi, hungarian, iceland
ic, indonesian, interlingua, irish, italian, kannada, kurmanji, lao, latin, lat
vian, lithuanian, malayalam, marathi, mongolian, mongolianlmc, monogreek, ngerm
an, ngerman-x-2009-06-19, nynorsk, oriya, panjabi, pinyin, polish, portuguese, 
romanian, russian, sanskrit, serbian, slovak, slovenian, spanish, swedish, swis
sgerman, tamil, telugu, turkish, turkmen, ukenglish, ukrainian, uppersorbian, u
senglishmax, welsh, loaded.

If latex fails to find aiaa-tc, read the README file!
(C:\Users\jb-office\AppData\Roaming\MiKTeX\2.9\tex\latex\aiaa\aiaa-tc.cls
Document Class: aiaa-tc 2004/04/03 v3.5 AIAA technical conference paper
("C:\Program Files\MiKTeX 2.9\tex\latex\base\article.cls"
Document Class: article 2007/10/19 v1.4h Standard LaTeX document class
("C:\Program Files\MiKTeX 2.9\tex\latex\base\size10.clo"
File: size10.clo 2007/10/19 v1.4h Standard LaTeX file (size option)
)
\c@part=\count79
\c@section=\count80
\c@subsection=\count81
\c@subsubsection=\count82
\c@paragraph=\count83
\c@subparagraph=\count84
\c@figure=\count85
\c@table=\count86
\abovecaptionskip=\skip41
\belowcaptionskip=\skip42
\bibindent=\dimen102
)
("C:\Program Files\MiKTeX 2.9\tex\latex\geometry\geometry.sty"
Package: geometry 2010/09/12 v5.6 Page Geometry

("C:\Program Files\MiKTeX 2.9\tex\latex\graphics\keyval.sty"
Package: keyval 1999/03/16 v1.13 key=value parser (DPC)
\KV@toks@=\toks14
)
("C:\Program Files\MiKTeX 2.9\tex\generic\oberdiek\ifpdf.sty"
Package: ifpdf 2011/01/30 v2.3 Provides the ifpdf switch (HO)
Package ifpdf Info: pdfTeX in PDF mode is detected.
)
("C:\Program Files\MiKTeX 2.9\tex\generic\oberdiek\ifvtex.sty"
Package: ifvtex 2010/03/01 v1.5 Switches for detecting VTeX and its modes (HO)
Package ifvtex Info: VTeX not detected.
)
("C:\Program Files\MiKTeX 2.9\tex\generic\ifxetex\ifxetex.sty"
Package: ifxetex 2010/09/12 v0.6 Provides ifxetex conditional
)
\Gm@cnth=\count87
\Gm@cntv=\count88
\c@Gm@tempcnt=\count89
\Gm@bindingoffset=\dimen103
\Gm@wd@mp=\dimen104
\Gm@odd@mp=\dimen105
\Gm@even@mp=\dimen106
\Gm@layoutwidth=\dimen107
\Gm@layoutheight=\dimen108
\Gm@layouthoffset=\dimen109
\Gm@layoutvoffset=\dimen110
\Gm@dimlist=\toks15

("C:\Program Files\MiKTeX 2.9\tex\latex\geometry\geometry.cfg"))
("C:\Program Files\MiKTeX 2.9\tex\latex\graphics\graphicx.sty"
Package: graphicx 1999/02/16 v1.0f Enhanced LaTeX Graphics (DPC,SPQR)

("C:\Program Files\MiKTeX 2.9\tex\latex\graphics\graphics.sty"
Package: graphics 2009/02/05 v1.0o Standard LaTeX Graphics (DPC,SPQR)

("C:\Program Files\MiKTeX 2.9\tex\latex\graphics\trig.sty"
Package: trig 1999/03/16 v1.09 sin cos tan (DPC)
)
("C:\Program Files\MiKTeX 2.9\tex\latex\00miktex\graphics.cfg"
File: graphics.cfg 2007/01/18 v1.5 graphics configuration of teTeX/TeXLive
)
Package graphics Info: Driver file: pdftex.def on input line 91.

("C:\Program Files\MiKTeX 2.9\tex\latex\pdftex-def\pdftex.def"
File: pdftex.def 2011/05/27 v0.06d Graphics/color for pdfTeX

("C:\Program Files\MiKTeX 2.9\tex\generic\oberdiek\infwarerr.sty"
Package: infwarerr 2010/04/08 v1.3 Providing info/warning/message (HO)
)
("C:\Program Files\MiKTeX 2.9\tex\generic\oberdiek\ltxcmds.sty"
Package: ltxcmds 2011/04/18 v1.20 LaTeX kernel commands for general use (HO)
)
\Gread@gobject=\count90
))
\Gin@req@height=\dimen111
\Gin@req@width=\dimen112
)
("C:\Program Files\MiKTeX 2.9\tex\latex\tools\array.sty"
Package: array 2008/09/09 v2.4c Tabular extension package (FMi)
\col@sep=\dimen113
\extrarowheight=\dimen114
\NC@list=\toks16
\extratabsurround=\skip43
\backup@length=\skip44
)
(C:\Users\jb-office\AppData\Roaming\MiKTeX\2.9\tex\latex\cite\overcite.sty
Package: overcite 1999/04/23  v 3.8
)
(C:\Users\jb-office\AppData\Roaming\MiKTeX\2.9\tex\latex\lastpage\lastpage.sty
Package: lastpage 2011/09/01 v1.2k Refers to last page's name (HMM; JPG)
) (C:\Users\jb-office\AppData\Roaming\MiKTeX\2.9\tex\latex\fancyhdr\fancyhdr.st
y
\fancy@headwidth=\skip45
\f@ncyO@elh=\skip46
\f@ncyO@erh=\skip47
\f@ncyO@olh=\skip48
\f@ncyO@orh=\skip49
\f@ncyO@elf=\skip50
\f@ncyO@erf=\skip51
\f@ncyO@olf=\skip52
\f@ncyO@orf=\skip53
)
\c@aiaa@cthanks=\count91
\c@aiaa@cfootnote=\count92
) ("C:\Program Files\MiKTeX 2.9\tex\latex\float\float.sty"
Package: float 2001/11/08 v1.3d Float enhancements (AL)
\c@float@type=\count93
\float@exts=\toks17
\float@box=\box26
\@float@everytoks=\toks18
\@floatcapt=\box27
)
("C:\Users\jb-office\Desktop\AIAA 2012\aiaa-3.6.1\AIAA 2012 BF 3-27-2012.aux")
LaTeX Font Info:    Checking defaults for OML/cmm/m/it on input line 78.
LaTeX Font Info:    ... okay on input line 78.
LaTeX Font Info:    Checking defaults for T1/cmr/m/n on input line 78.
LaTeX Font Info:    ... okay on input line 78.
LaTeX Font Info:    Checking defaults for OT1/cmr/m/n on input line 78.
LaTeX Font Info:    ... okay on input line 78.
LaTeX Font Info:    Checking defaults for OMS/cmsy/m/n on input line 78.
LaTeX Font Info:    ... okay on input line 78.
LaTeX Font Info:    Checking defaults for OMX/cmex/m/n on input line 78.
LaTeX Font Info:    ... okay on input line 78.
LaTeX Font Info:    Checking defaults for U/cmr/m/n on input line 78.
LaTeX Font Info:    ... okay on input line 78.

*geometry* driver: auto-detecting
*geometry* detected driver: pdftex
*geometry* verbose mode - [ preamble ] result:
* driver: pdftex
* paper: <default>
* layout: <same size as paper>
* layoutoffset:(h,v)=(0.0pt,0.0pt)
* modes: 
* h-part:(L,W,R)=(72.26999pt, 469.75502pt, 72.26999pt)
* v-part:(T,H,B)=(54.2025pt, 668.4975pt, 72.26999pt)
* \paperwidth=614.295pt
* \paperheight=794.96999pt
* \textwidth=469.75502pt
* \textheight=668.4975pt
* \oddsidemargin=0.0pt
* \evensidemargin=0.0pt
* \topmargin=-55.06749pt
* \headheight=12.0pt
* \headsep=25.0pt
* \topskip=10.0pt
* \footskip=30.0pt
* \marginparwidth=65.0pt
* \marginparsep=11.0pt
* \columnsep=10.0pt
* \skip\footins=9.0pt plus 4.0pt minus 2.0pt
* \hoffset=0.0pt
* \voffset=0.0pt
* \mag=1000
* \@twocolumnfalse
* \@twosidefalse
* \@mparswitchfalse
* \@reversemarginfalse
* (1in=72.27pt=25.4mm, 1cm=28.453pt)

(C:\Users\jb-office\AppData\Roaming\MiKTeX\2.9\tex\context\base\supp-pdf.mkii
[Loading MPS to PDF converter (version 2006.09.02).]
\scratchcounter=\count94
\scratchdimen=\dimen115
\scratchbox=\box28
\nofMPsegments=\count95
\nofMParguments=\count96
\everyMPshowfont=\toks19
\MPscratchCnt=\count97
\MPscratchDim=\dimen116
\MPnumerator=\count98
\makeMPintoPDFobject=\count99
\everyMPtoPDFconversion=\toks20
)
Package lastpage Info: Please have a look at the pageslts package at
(lastpage)             http://www.ctan.org/tex-archive/ 
(lastpage)             macros/latex/contrib/pageslts/ 
(lastpage)             or
(lastpage)             http://www.ctan.org/tex-archive/ 
(lastpage)             install/macros/latex/contrib/pageslts.tds.zip
(lastpage)             ! on input line 78.
LaTeX Font Info:    External font `cmex10' loaded for size
(Font)              <12> on input line 80.
LaTeX Font Info:    External font `cmex10' loaded for size
(Font)              <8> on input line 80.
LaTeX Font Info:    External font `cmex10' loaded for size
(Font)              <6> on input line 80.
LaTeX Font Info:    External font `cmex10' loaded for size
(Font)              <5> on input line 80.
LaTeX Font Info:    External font `cmex10' loaded for size
(Font)              <7> on input line 89.
 [1

{C:/Users/jb-office/AppData/Local/MiKTeX/2.9/pdftex/config/pdftex.map}]
<epoxy_diagram_new.jpg, id=13, 569.12625pt x 284.56313pt>
File: epoxy_diagram_new.jpg Graphic file (type jpg)

<use epoxy_diagram_new.jpg>
Package pdftex.def Info: epoxy_diagram_new.jpg used on input line 108.
(pdftex.def)             Requested size: 469.7781pt x 234.88904pt.

<epoxy_diagram_new_speaker.jpg, id=14, 569.12625pt x 319.94531pt>
File: epoxy_diagram_new_speaker.jpg Graphic file (type jpg)

<use epoxy_diagram_new_speaker.jpg>
Package pdftex.def Info: epoxy_diagram_new_speaker.jpg used on input line 116.
(pdftex.def)             Requested size: 404.90746pt x 227.62654pt.
 [2 <C:/Users/jb-office/Desktop/AIAA 2012/aiaa-3.6.1/epoxy_diagram_new.jpg>]
<tr_setup.jpg, id=20, 661.13667pt x 267.66667pt>
File: tr_setup.jpg Graphic file (type jpg)
 <use tr_setup.jpg>
Package pdftex.def Info: tr_setup.jpg used on input line 128.
(pdftex.def)             Requested size: 469.75331pt x 190.18352pt.
 [3 <C:/Users/jb-office/Desktop/AIAA 2012/aiaa-3.6.1/epoxy_diagram_new_speaker.
jpg> <C:/Users/jb-office/Desktop/AIAA 2012/aiaa-3.6.1/tr_setup.jpg>]
<new_flow_chart.jpeg, id=24, 1933.2225pt x 1204.5pt>
File: new_flow_chart.jpeg Graphic file (type jpg)
 <use new_flow_chart.jpeg>
Package pdftex.def Info: new_flow_chart.jpeg used on input line 138.
(pdftex.def)             Requested size: 469.7351pt x 292.66985pt.
Missing character: There is no â in font cmr10!
Missing character: There is no € in font cmr10!
Missing character: There is no ™ in font cmr10!

<epoxy_15.jpg, id=25, 322.11772pt x 194.09657pt>
File: epoxy_15.jpg Graphic file (type jpg)
 <use epoxy_15.jpg>
Package pdftex.def Info: epoxy_15.jpg used on input line 155.
(pdftex.def)             Requested size: 330.53651pt x 199.16942pt.
 [4 <C:/Users/jb-office/Desktop/AIAA 2012/aiaa-3.6.1/new_flow_chart.jpeg>]
<epoxy_1hr.jpg, id=29, 321.12425pt x 192.94727pt>
File: epoxy_1hr.jpg Graphic file (type jpg)
 <use epoxy_1hr.jpg>
Package pdftex.def Info: epoxy_1hr.jpg used on input line 162.
(pdftex.def)             Requested size: 331.49176pt x 199.17656pt.

<epoxy_2hr.jpg, id=30, 321.80603pt x 194.31085pt>
File: epoxy_2hr.jpg Graphic file (type jpg)
 <use epoxy_2hr.jpg>
Package pdftex.def Info: epoxy_2hr.jpg used on input line 169.
(pdftex.def)             Requested size: 329.87296pt x 199.18175pt.
 [5 <C:/Users/jb-office/Desktop/AIAA 2012/aiaa-3.6.1/epoxy_15.jpg> <C:/Users/jb
-office/Desktop/AIAA 2012/aiaa-3.6.1/epoxy_1hr.jpg>]
<epoxy_24hr.jpg, id=34, 321.80603pt x 194.31085pt>
File: epoxy_24hr.jpg Graphic file (type jpg)
 <use epoxy_24hr.jpg>
Package pdftex.def Info: epoxy_24hr.jpg used on input line 176.
(pdftex.def)             Requested size: 329.87296pt x 199.18175pt.

<fft_epoxy.jpg, id=35, 447.92343pt x 196.48407pt>
File: fft_epoxy.jpg Graphic file (type jpg)
 <use fft_epoxy.jpg>
Package pdftex.def Info: fft_epoxy.jpg used on input line 186.
(pdftex.def)             Requested size: 389.20497pt x 170.72688pt.
 [6 <C:/Users/jb-office/Desktop/AIAA 2012/aiaa-3.6.1/epoxy_2hr.jpg> <C:/Users/j
b-office/Desktop/AIAA 2012/aiaa-3.6.1/epoxy_24hr.jpg>]
Missing character: There is no â in font cmr10!
Missing character: There is no € in font cmr10!
Missing character: There is no ˜ in font cmr10!
Missing character: There is no â in font cmr10!
Missing character: There is no € in font cmr10!
Missing character: There is no ™ in font cmr10!

<epoxy_table.jpg, id=39, 344.03531pt x 92.59593pt>
File: epoxy_table.jpg Graphic file (type jpg)
 <use epoxy_table.jpg>
Package pdftex.def Info: epoxy_table.jpg used on input line 195.
(pdftex.def)             Requested size: 370.00923pt x 99.5867pt.
Missing character: There is no â in font cmr10!
Missing character: There is no € in font cmr10!
Missing character: There is no ™ in font cmr10!

<steel_initial.jpg, id=40, 338.59833pt x 321.86917pt>
File: steel_initial.jpg Graphic file (type jpg)
 <use steel_initial.jpg>
Package pdftex.def Info: steel_initial.jpg used on input line 210.
(pdftex.def)             Requested size: 239.45583pt x 227.62502pt.

[7 <C:/Users/jb-office/Desktop/AIAA 2012/aiaa-3.6.1/fft_epoxy.jpg> <C:/Users/jb
-office/Desktop/AIAA 2012/aiaa-3.6.1/epoxy_table.jpg>]
<steel_final.jpg, id=45, 344.30519pt x 328.62396pt>
File: steel_final.jpg Graphic file (type jpg)
 <use steel_final.jpg>
Package pdftex.def Info: steel_final.jpg used on input line 219.
(pdftex.def)             Requested size: 238.49023pt x 227.6283pt.

<steel_amps.jpg, id=46, 547.95761pt x 262.11359pt>
File: steel_amps.jpg Graphic file (type jpg)
 <use steel_amps.jpg>
Package pdftex.def Info: steel_amps.jpg used on input line 228.
(pdftex.def)             Requested size: 469.76279pt x 224.70937pt.

[8 <C:/Users/jb-office/Desktop/AIAA 2012/aiaa-3.6.1/steel_initial.jpg> <C:/User
s/jb-office/Desktop/AIAA 2012/aiaa-3.6.1/steel_final.jpg>]
<steel_theory_exp.jpg, id=51, 903.375pt x 677.53125pt>
File: steel_theory_exp.jpg Graphic file (type jpg)

<use steel_theory_exp.jpg>
Package pdftex.def Info: steel_theory_exp.jpg used on input line 238.
(pdftex.def)             Requested size: 303.49057pt x 227.61792pt.

<nylon_initial.jpg, id=52, 344.30519pt x 327.94217pt>
File: nylon_initial.jpg Graphic file (type jpg)
 <use nylon_initial.jpg>
Package pdftex.def Info: nylon_initial.jpg used on input line 247.
(pdftex.def)             Requested size: 238.97882pt x 227.6214pt.

[9 <C:/Users/jb-office/Desktop/AIAA 2012/aiaa-3.6.1/steel_amps.jpg> <C:/Users/j
b-office/Desktop/AIAA 2012/aiaa-3.6.1/steel_theory_exp.jpg>]
<nylon_final.jpg, id=56, 343.6234pt x 326.57858pt>
File: nylon_final.jpg Graphic file (type jpg)
 <use nylon_final.jpg>
Package pdftex.def Info: nylon_final.jpg used on input line 256.
(pdftex.def)             Requested size: 239.5123pt x 227.63171pt.

<nylon_amps.jpg, id=57, 594.47903pt x 284.41742pt>
File: nylon_amps.jpg Graphic file (type jpg)
 <use nylon_amps.jpg>
Package pdftex.def Info: nylon_amps.jpg used on input line 264.
(pdftex.def)             Requested size: 469.76027pt x 224.74805pt.

[10 <C:/Users/jb-office/Desktop/AIAA 2012/aiaa-3.6.1/nylon_initial.jpg> <C:/Use
rs/jb-office/Desktop/AIAA 2012/aiaa-3.6.1/nylon_final.jpg>]
("C:\Users\jb-office\Desktop\AIAA 2012\aiaa-3.6.1\AIAA 2012 BF 3-27-2012.bbl"
[11 <C:/Users/jb-office/Desktop/AIAA 2012/aiaa-3.6.1/nylon_amps.jpg>])

AED: lastpage setting LastPage
[12]
("C:\Users\jb-office\Desktop\AIAA 2012\aiaa-3.6.1\AIAA 2012 BF 3-27-2012.aux") 
) 
Here is how much of TeX's memory you used:
 2125 strings out of 494045
 29706 string characters out of 3148376
 92457 words of memory out of 3000000
 5393 multiletter control sequences out of 15000+200000
 8865 words of font info for 31 fonts, out of 3000000 for 9000
 715 hyphenation exceptions out of 8191
 34i,11n,45p,1291b,363s stack positions out of 5000i,500n,10000p,200000b,50000s
<C:/Program Files/MiKTeX 2.9/fonts/type1/public/amsfonts/cm/cmbx10.pfb><C:/Pro
gram Files/MiKTeX 2.9/fonts/type1/public/amsfonts/cm/cmbx12.pfb><C:/Program Fil
es/MiKTeX 2.9/fonts/type1/public/amsfonts/cm/cmbx8.pfb><C:/Program Files/MiKTeX
 2.9/fonts/type1/public/amsfonts/cm/cmbx9.pfb><C:/Program Files/MiKTeX 2.9/font
s/type1/public/amsfonts/cm/cmmi10.pfb><C:/Program Files/MiKTeX 2.9/fonts/type1/
public/amsfonts/cm/cmmi8.pfb><C:/Program Files/MiKTeX 2.9/fonts/type1/public/am
sfonts/cm/cmr10.pfb><C:/Program Files/MiKTeX 2.9/fonts/type1/public/amsfonts/cm
/cmr12.pfb><C:/Program Files/MiKTeX 2.9/fonts/type1/public/amsfonts/cm/cmr6.pfb
><C:/Program Files/MiKTeX 2.9/fonts/type1/public/amsfonts/cm/cmr7.pfb><C:/Progr
am Files/MiKTeX 2.9/fonts/type1/public/amsfonts/cm/cmr8.pfb><C:/Program Files/M
iKTeX 2.9/fonts/type1/public/amsfonts/cm/cmsy6.pfb><C:/Program Files/MiKTeX 2.9
/fonts/type1/public/amsfonts/cm/cmsy8.pfb><C:/Program Files/MiKTeX 2.9/fonts/ty
pe1/public/amsfonts/cm/cmti8.pfb>
Output written on "AIAA 2012 BF 3-27-2012.pdf" (12 pages, 1138457 bytes).
PDF statistics:
 114 PDF objects out of 1000 (max. 8388607)
 0 named destinations out of 1000 (max. 500000)
 86 words of extra memory for PDF output out of 10000 (max. 10000000)

