This is pdfTeX, Version 3.1415926-2.3-1.40.12 (MiKTeX 2.9) (preloaded format=pdflatex 2011.8.3)  8 AUG 2011 16:52
entering extended mode
**G:/ServerRoot/dothWorkFiles/Papers/AIAA*2012/aiaa-3.6.1/AIAA*2012*BF*8-8-2011
.tex

("G:/ServerRoot/dothWorkFiles/Papers/AIAA 2012/aiaa-3.6.1/AIAA 2012 BF 8-8-2011
.tex"
LaTeX2e <2011/06/27>
Babel <v3.8m> and hyphenation patterns for english, afrikaans, ancientgreek, ar
abic, armenian, assamese, basque, bengali, bokmal, bulgarian, catalan, coptic, 
croatian, czech, danish, dutch, esperanto, estonian, farsi, finnish, french, ga
lician, german, german-x-2009-06-19, greek, gujarati, hindi, hungarian, iceland
ic, indonesian, interlingua, irish, italian, kannada, kurmanji, lao, latin, lat
vian, lithuanian, malayalam, marathi, mongolian, mongolianlmc, monogreek, ngerm
an, ngerman-x-2009-06-19, nynorsk, oriya, panjabi, pinyin, polish, portuguese, 
romanian, russian, sanskrit, serbian, slovak, slovenian, spanish, swedish, swis
sgerman, tamil, telugu, turkish, turkmen, ukenglish, ukrainian, uppersorbian, u
senglishmax, welsh, loaded.

If latex fails to find aiaa-tc, read the README file!
(C:\Users\jumping-jaidas\AppData\Roaming\MiKTeX\2.9\tex\latex\aiaa\aiaa-tc.cls
Document Class: aiaa-tc 2004/04/03 v3.5 AIAA technical conference paper
("C:\Program Files (x86)\MiKTeX 2.9\tex\latex\base\article.cls"
Document Class: article 2007/10/19 v1.4h Standard LaTeX document class
("C:\Program Files (x86)\MiKTeX 2.9\tex\latex\base\size10.clo"
File: size10.clo 2007/10/19 v1.4h Standard LaTeX file (size option)
)
\c@part=\count79
\c@section=\count80
\c@subsection=\count81
\c@subsubsection=\count82
\c@paragraph=\count83
\c@subparagraph=\count84
\c@figure=\count85
\c@table=\count86
\abovecaptionskip=\skip41
\belowcaptionskip=\skip42
\bibindent=\dimen102
)
("C:\Program Files (x86)\MiKTeX 2.9\tex\latex\geometry\geometry.sty"
Package: geometry 2010/09/12 v5.6 Page Geometry

("C:\Program Files (x86)\MiKTeX 2.9\tex\latex\graphics\keyval.sty"
Package: keyval 1999/03/16 v1.13 key=value parser (DPC)
\KV@toks@=\toks14
)
("C:\Program Files (x86)\MiKTeX 2.9\tex\generic\oberdiek\ifpdf.sty"
Package: ifpdf 2011/01/30 v2.3 Provides the ifpdf switch (HO)
Package ifpdf Info: pdfTeX in PDF mode is detected.
)
("C:\Program Files (x86)\MiKTeX 2.9\tex\generic\oberdiek\ifvtex.sty"
Package: ifvtex 2010/03/01 v1.5 Switches for detecting VTeX and its modes (HO)
Package ifvtex Info: VTeX not detected.
)
("C:\Program Files (x86)\MiKTeX 2.9\tex\generic\ifxetex\ifxetex.sty"
Package: ifxetex 2010/09/12 v0.6 Provides ifxetex conditional
)
\Gm@cnth=\count87
\Gm@cntv=\count88
\c@Gm@tempcnt=\count89
\Gm@bindingoffset=\dimen103
\Gm@wd@mp=\dimen104
\Gm@odd@mp=\dimen105
\Gm@even@mp=\dimen106
\Gm@layoutwidth=\dimen107
\Gm@layoutheight=\dimen108
\Gm@layouthoffset=\dimen109
\Gm@layoutvoffset=\dimen110
\Gm@dimlist=\toks15

("C:\Program Files (x86)\MiKTeX 2.9\tex\latex\geometry\geometry.cfg"))
("C:\Program Files (x86)\MiKTeX 2.9\tex\latex\graphics\graphicx.sty"
Package: graphicx 1999/02/16 v1.0f Enhanced LaTeX Graphics (DPC,SPQR)

("C:\Program Files (x86)\MiKTeX 2.9\tex\latex\graphics\graphics.sty"
Package: graphics 2009/02/05 v1.0o Standard LaTeX Graphics (DPC,SPQR)

("C:\Program Files (x86)\MiKTeX 2.9\tex\latex\graphics\trig.sty"
Package: trig 1999/03/16 v1.09 sin cos tan (DPC)
)
("C:\Program Files (x86)\MiKTeX 2.9\tex\latex\00miktex\graphics.cfg"
File: graphics.cfg 2007/01/18 v1.5 graphics configuration of teTeX/TeXLive
)
Package graphics Info: Driver file: pdftex.def on input line 91.

("C:\Program Files (x86)\MiKTeX 2.9\tex\latex\pdftex-def\pdftex.def"
File: pdftex.def 2011/05/27 v0.06d Graphics/color for pdfTeX

("C:\Program Files (x86)\MiKTeX 2.9\tex\generic\oberdiek\infwarerr.sty"
Package: infwarerr 2010/04/08 v1.3 Providing info/warning/message (HO)
)
("C:\Program Files (x86)\MiKTeX 2.9\tex\generic\oberdiek\ltxcmds.sty"
Package: ltxcmds 2011/04/18 v1.20 LaTeX kernel commands for general use (HO)
)
\Gread@gobject=\count90
))
\Gin@req@height=\dimen111
\Gin@req@width=\dimen112
)
("C:\Program Files (x86)\MiKTeX 2.9\tex\latex\tools\array.sty"
Package: array 2008/09/09 v2.4c Tabular extension package (FMi)
\col@sep=\dimen113
\extrarowheight=\dimen114
\NC@list=\toks16
\extratabsurround=\skip43
\backup@length=\skip44
)
(C:\Users\jumping-jaidas\AppData\Roaming\MiKTeX\2.9\tex\latex\cite\overcite.sty
Package: overcite 1999/04/23  v 3.8
)
(C:\Users\jumping-jaidas\AppData\Roaming\MiKTeX\2.9\tex\latex\lastpage\lastpage
.sty
Package: lastpage 2011/07/03 v1.2h Refers to last page's name (HMM; JPG)
)
(C:\Users\jumping-jaidas\AppData\Roaming\MiKTeX\2.9\tex\latex\fancyhdr\fancyhdr
.sty
\fancy@headwidth=\skip45
\f@ncyO@elh=\skip46
\f@ncyO@erh=\skip47
\f@ncyO@olh=\skip48
\f@ncyO@orh=\skip49
\f@ncyO@elf=\skip50
\f@ncyO@erf=\skip51
\f@ncyO@olf=\skip52
\f@ncyO@orf=\skip53
)
\c@aiaa@cthanks=\count91
\c@aiaa@cfootnote=\count92
) ("C:\Program Files (x86)\MiKTeX 2.9\tex\latex\float\float.sty"
Package: float 2001/11/08 v1.3d Float enhancements (AL)
\c@float@type=\count93
\float@exts=\toks17
\float@box=\box26
\@float@everytoks=\toks18
\@floatcapt=\box27
)
("G:\ServerRoot\dothWorkFiles\Papers\AIAA 2012\aiaa-3.6.1\AIAA 2012 BF 8-8-2011
.aux")
LaTeX Font Info:    Checking defaults for OML/cmm/m/it on input line 78.
LaTeX Font Info:    ... okay on input line 78.
LaTeX Font Info:    Checking defaults for T1/cmr/m/n on input line 78.
LaTeX Font Info:    ... okay on input line 78.
LaTeX Font Info:    Checking defaults for OT1/cmr/m/n on input line 78.
LaTeX Font Info:    ... okay on input line 78.
LaTeX Font Info:    Checking defaults for OMS/cmsy/m/n on input line 78.
LaTeX Font Info:    ... okay on input line 78.
LaTeX Font Info:    Checking defaults for OMX/cmex/m/n on input line 78.
LaTeX Font Info:    ... okay on input line 78.
LaTeX Font Info:    Checking defaults for U/cmr/m/n on input line 78.
LaTeX Font Info:    ... okay on input line 78.

*geometry* driver: auto-detecting
*geometry* detected driver: pdftex
*geometry* verbose mode - [ preamble ] result:
* driver: pdftex
* paper: <default>
* layout: <same size as paper>
* layoutoffset:(h,v)=(0.0pt,0.0pt)
* modes: 
* h-part:(L,W,R)=(72.26999pt, 469.75502pt, 72.26999pt)
* v-part:(T,H,B)=(54.2025pt, 668.4975pt, 72.26999pt)
* \paperwidth=614.295pt
* \paperheight=794.96999pt
* \textwidth=469.75502pt
* \textheight=668.4975pt
* \oddsidemargin=0.0pt
* \evensidemargin=0.0pt
* \topmargin=-55.06749pt
* \headheight=12.0pt
* \headsep=25.0pt
* \topskip=10.0pt
* \footskip=30.0pt
* \marginparwidth=65.0pt
* \marginparsep=11.0pt
* \columnsep=10.0pt
* \skip\footins=9.0pt plus 4.0pt minus 2.0pt
* \hoffset=0.0pt
* \voffset=0.0pt
* \mag=1000
* \@twocolumnfalse
* \@twosidefalse
* \@mparswitchfalse
* \@reversemarginfalse
* (1in=72.27pt=25.4mm, 1cm=28.453pt)


(C:\Users\jumping-jaidas\AppData\Roaming\MiKTeX\2.9\tex\context\base\supp-pdf.m
kii
[Loading MPS to PDF converter (version 2006.09.02).]
\scratchcounter=\count94
\scratchdimen=\dimen115
\scratchbox=\box28
\nofMPsegments=\count95
\nofMParguments=\count96
\everyMPshowfont=\toks19
\MPscratchCnt=\count97
\MPscratchDim=\dimen116
\MPnumerator=\count98
\makeMPintoPDFobject=\count99
\everyMPtoPDFconversion=\toks20
)
Package lastpage Info: Please have a look at the pagesLTS package at
(lastpage)             http://www.ctan.org/tex-archive/ 
(lastpage)             macros/latex/contrib/pageslts/ 
(lastpage)             or
(lastpage)             http://www.ctan.org/tex-archive/ 
(lastpage)             install/macros/latex/contrib/pagesLTS.tds.zip
(lastpage)             ! on input line 78.
LaTeX Font Info:    External font `cmex10' loaded for size
(Font)              <12> on input line 80.
LaTeX Font Info:    External font `cmex10' loaded for size
(Font)              <8> on input line 80.
LaTeX Font Info:    External font `cmex10' loaded for size
(Font)              <6> on input line 80.
LaTeX Font Info:    External font `cmex10' loaded for size
(Font)              <5> on input line 80.
LaTeX Font Info:    External font `cmex10' loaded for size
(Font)              <7> on input line 89.
 [1

{C:/Users/jumping-jaidas/AppData/Local/MiKTeX/2.9/pdftex/config/pdftex.map}] <e
poxy_diagram_new.jpg, id=13, 569.12625pt x 284.56313pt>
File: epoxy_diagram_new.jpg Graphic file (type jpg)

<use epoxy_diagram_new.jpg>
Package pdftex.def Info: epoxy_diagram_new.jpg used on input line 108.
(pdftex.def)             Requested size: 469.7781pt x 234.88904pt.

<epoxy_diagram_new_speaker.jpg, id=14, 569.12625pt x 319.94531pt>
File: epoxy_diagram_new_speaker.jpg Graphic file (type jpg)

<use epoxy_diagram_new_speaker.jpg>
Package pdftex.def Info: epoxy_diagram_new_speaker.jpg used on input line 116.
(pdftex.def)             Requested size: 404.90746pt x 227.62654pt.
 [2 <G:/ServerRoot/dothWorkFiles/Papers/AIAA 2012/aiaa-3.6.1/epoxy_diagram_new.
jpg>]
<tr_dimensions_new.jpg, id=20, 569.12625pt x 284.56313pt>
File: tr_dimensions_new.jpg Graphic file (type jpg)

<use tr_dimensions_new.jpg>
Package pdftex.def Info: tr_dimensions_new.jpg used on input line 128.
(pdftex.def)             Requested size: 469.7781pt x 234.88904pt.
 [3 <G:/ServerRoot/dothWorkFiles/Papers/AIAA 2012/aiaa-3.6.1/epoxy_diagram_new_
speaker.jpg> <G:/ServerRoot/dothWorkFiles/Papers/AIAA 2012/aiaa-3.6.1/tr_dimens
ions_new.jpg>]
<tr_flowchart.jpg, id=24, 761.09344pt x 578.16pt>
File: tr_flowchart.jpg Graphic file (type jpg)
 <use tr_flowchart.jpg>
Package pdftex.def Info: tr_flowchart.jpg used on input line 138.
(pdftex.def)             Requested size: 469.77106pt x 356.8587pt.

[4 <G:/ServerRoot/dothWorkFiles/Papers/AIAA 2012/aiaa-3.6.1/tr_flowchart.jpg>]
<epoxy_fft_no_sound.png, id=28, 536.0025pt x 356.83313pt>
File: epoxy_fft_no_sound.png Graphic file (type png)

<use epoxy_fft_no_sound.png>
Package pdftex.def Info: epoxy_fft_no_sound.png used on input line 154.
(pdftex.def)             Requested size: 341.91176pt x 227.62102pt.

<epoxy_fft_sound.jpg, id=29, 536.0025pt x 356.83313pt>
File: epoxy_fft_sound.jpg Graphic file (type jpg)

<use epoxy_fft_sound.jpg>
Package pdftex.def Info: epoxy_fft_sound.jpg used on input line 161.
(pdftex.def)             Requested size: 341.91176pt x 227.62102pt.
 [5 <G:/ServerRoot/dothWorkFiles/Papers/AIAA 2012/aiaa-3.6.1/epoxy_fft_no_sound
.png>]
<tr_steel_rod_results.jpg, id=33, 562.1pt x 421.575pt>
File: tr_steel_rod_results.jpg Graphic file (type jpg)

<use tr_steel_rod_results.jpg>
Package pdftex.def Info: tr_steel_rod_results.jpg used on input line 174.
(pdftex.def)             Requested size: 303.50375pt x 227.6278pt.
 [6 <G:/ServerRoot/dothWorkFiles/Papers/AIAA 2012/aiaa-3.6.1/epoxy_fft_sound.jp
g> <G:/ServerRoot/dothWorkFiles/Papers/AIAA 2012/aiaa-3.6.1/tr_steel_rod_result
s.jpg>]
<tr_epoxy_results.jpg, id=37, 562.1pt x 421.575pt>
File: tr_epoxy_results.jpg Graphic file (type jpg)
 <use tr_epoxy_results.jpg>
Package pdftex.def Info: tr_epoxy_results.jpg used on input line 183.
(pdftex.def)             Requested size: 303.50375pt x 227.6278pt.

("G:\ServerRoot\dothWorkFiles\Papers\AIAA 2012\aiaa-3.6.1\AIAA 2012 BF 8-8-2011
.bbl" [7 <G:/ServerRoot/dothWorkFiles/Papers/AIAA 2012/aiaa-3.6.1/tr_epoxy_resu
lts.jpg>]) 
AED: lastpage setting LastPage
[8]
("G:\ServerRoot\dothWorkFiles\Papers\AIAA 2012\aiaa-3.6.1\AIAA 2012 BF 8-8-2011
.aux") ) 
Here is how much of TeX's memory you used:
 2060 strings out of 494045
 29106 string characters out of 3145943
 91579 words of memory out of 3000000
 5339 multiletter control sequences out of 15000+200000
 8865 words of font info for 31 fonts, out of 3000000 for 9000
 715 hyphenation exceptions out of 8191
 34i,11n,45p,1414b,361s stack positions out of 5000i,500n,10000p,200000b,50000s
<C:/Program Files (x86)/MiKTeX 2.9/fonts/type1/public/amsfonts/cm/cmbx1
0.pfb><C:/Program Files (x86)/MiKTeX 2.9/fonts/type1/public/amsfonts/cm/cmbx12.
pfb><C:/Program Files (x86)/MiKTeX 2.9/fonts/type1/public/amsfonts/cm/cmbx8.pfb
><C:/Program Files (x86)/MiKTeX 2.9/fonts/type1/public/amsfonts/cm/cmbx9.pfb><C
:/Program Files (x86)/MiKTeX 2.9/fonts/type1/public/amsfonts/cm/cmmi8.pfb><C:/P
rogram Files (x86)/MiKTeX 2.9/fonts/type1/public/amsfonts/cm/cmr10.pfb><C:/Prog
ram Files (x86)/MiKTeX 2.9/fonts/type1/public/amsfonts/cm/cmr12.pfb><C:/Program
 Files (x86)/MiKTeX 2.9/fonts/type1/public/amsfonts/cm/cmr6.pfb><C:/Program Fil
es (x86)/MiKTeX 2.9/fonts/type1/public/amsfonts/cm/cmr7.pfb><C:/Program Files (
x86)/MiKTeX 2.9/fonts/type1/public/amsfonts/cm/cmr8.pfb><C:/Program Files (x86)
/MiKTeX 2.9/fonts/type1/public/amsfonts/cm/cmsy6.pfb><C:/Program Files (x86)/Mi
KTeX 2.9/fonts/type1/public/amsfonts/cm/cmsy8.pfb><C:/Program Files (x86)/MiKTe
X 2.9/fonts/type1/public/amsfonts/cm/cmti8.pfb>
Output written on "AIAA 2012 BF 8-8-2011.pdf" (8 pages, 775394 bytes).
PDF statistics:
 89 PDF objects out of 1000 (max. 8388607)
 0 named destinations out of 1000 (max. 500000)
 41 words of extra memory for PDF output out of 10000 (max. 10000000)

