 -0.036394  0.014266  0.014877 -0.029088  0.091669  0.064039 -0.061983
 -0.092599 -0.027771 -0.018597  0.018330  0.056771  0.074031  0.021734
  0.094652
 -0.048765  0.033745  0.078628 -0.071264 -0.025444  0.092904  0.038337
 -0.079291  0.004214  0.043927 -0.060083 -0.051350  0.082398  0.086560
 -0.036669
 -0.000723 -0.049834  0.077597 -0.085846  0.021078  0.069266  0.078193
  0.059095  0.076667 -0.049578 -0.059501 -0.005003 -0.092807 -0.085470
 -0.083269
 -0.098155 -0.034236  0.050476  0.080473 -0.005499 -0.074968  0.073377
 -0.067163 -0.054259 -0.022409  0.076764 -0.014342  0.026241  0.059162
 -0.027783
  0.089572 -0.041561  0.022383  0.067169 -0.027407 -0.056539  0.036435
 -0.049214 -0.097444  0.013101  0.001209 -0.056946 -0.091902  0.008402
 -0.042416
 -0.075171  0.010247  0.023349  0.075305 -0.009280 -0.082151 -0.099663
 -0.035903 -0.049314 -0.053922  0.041687 -0.072549  0.031736 -0.032072
  0.086613
 -0.096047 -0.042500 -0.054948  0.026336 -0.075331  0.017645  0.069797
  0.061104  0.068431  0.072353 -0.025795 -0.030360 -0.084593 -0.017697
  0.078041
 -0.027009  0.007132 -0.011712  0.096340 -0.017562  0.079008 -0.085811
 -0.017225 -0.056895 -0.035125  0.028853  0.084792 -0.007674 -0.039411
 -0.047280
 -0.021061 -0.035458  0.010221  0.023990  0.090878  0.034890 -0.058365
  0.060675 -0.004006 -0.089934  0.033027  0.070199 -0.020295  0.048434
 -0.047498
 -0.042254 -0.078574  0.059634  0.046035 -0.082234 -0.057928  0.025043
 -0.068045  0.024847  0.068148 -0.003170 -0.046300  0.052940  0.089156
  0.014288
 -0.094340 -0.031906  0.078830  0.015880  0.092084  0.069708 -0.049230
 -0.066281  0.030383  0.046764 -0.056216 -0.036590  0.016963  0.023489
 -0.088155
  0.069466  0.081236 -0.066730  0.029100  0.027271 -0.048964  0.071172
 -0.047686 -0.017009 -0.003981 -0.079539  0.079820  0.049719  0.073401
  0.068976
 -0.035993  0.079061 -0.062930 -0.057163 -0.005059 -0.070846 -0.087454
  0.045712 -0.037127  0.042928 -0.007524  0.006657 -0.093662 -0.090561
 -0.069853
 -0.081817  0.078905 -0.088617 -0.048547  0.008005  0.038654  0.002489
 -0.020823  0.090967  0.085480  0.075196 -0.088571  0.065300  0.024915
  0.084829
  0.034276  0.088922  0.063890  0.071346 -0.068240 -0.041169 -0.099500
 -0.055695 -0.095457 -0.036626  0.087234 -0.002981  0.070031  0.093572
  0.006458
 -0.099822 -0.088245 -0.014637 -0.088439 -0.036791  0.093368  0.050214
  0.065698 -0.027455  0.041182  0.051178 -0.052258  0.052610  0.016478
  0.072657
  0.037440 -0.049246  0.061579  0.001330 -0.077899  0.093339  0.060161
 -0.077399 -0.062356  0.064704 -0.014025 -0.075122 -0.038278 -0.043994
 -0.081550
  0.068181 -0.043816 -0.069795 -0.046456 -0.032256 -0.006586 -0.053088
 -0.082041 -0.040888  0.019457  0.059141 -0.089710  0.067199  0.011751
  0.026768
  0.039856 -0.050809  0.077522  0.001435  0.050521  0.099622 -0.005226
  0.010682 -0.077777  0.032418 -0.024615  0.008198  0.057296  0.037108
  0.064204
  0.075746  0.005288 -0.079613 -0.094048  0.058832 -0.011868 -0.000635
 -0.094256  0.006090  0.058477  0.025201 -0.034769  0.068767 -0.007600
  0.076982

 -0.004466 -0.067744 -0.073827 -0.026944  0.033691  0.076693 -0.027321
 -0.071535 -0.012625 -0.005098  0.060884  0.062760 -0.096900  0.018180
 -0.000132  0.067304 -0.006074 -0.094843  0.087691 -0.000122  0.063989

 -0.024177  0.099243  0.069733  0.081913  0.057721 -0.005066 -0.052856
  0.026487  0.087335 -0.075874 -0.077978 -0.080409 -0.049702 -0.004922
  0.053283 -0.073008  0.067757  0.081748  0.014367 -0.037341  0.042632

 -0.022873 -0.034240 -0.039188  0.076996 -0.066936  0.054738  0.082152
 -0.079245 -0.045384  0.046141 -0.003422 -0.046140  0.015874 -0.021509
 -0.088419 -0.089191  0.025635  0.038068  0.098144  0.049761  0.060090

 -0.082265 -0.099941 -0.044832  0.071018 -0.072949 -0.077075  0.052766
  0.041418 -0.014416 -0.004603 -0.081455  0.051344  0.056209  0.095541
  0.084407  0.010948  0.077693 -0.094838  0.065564  0.023835  0.001740

 -0.080576 -0.060291  0.080231 -0.068995 -0.049482  0.005866  0.069073
 -0.051338 -0.044373  0.029162 -0.033603 -0.044314  0.084330 -0.062586
 -0.017262 -0.092745  0.090180 -0.075844 -0.007161 -0.014423 -0.057299

 -0.055817 -0.058214 -0.061758 -0.071410  0.052734 -0.084065 -0.066247
  0.018298  0.039770  0.035493  0.037722  0.079479  0.015724  0.068727
 -0.070003 -0.078410  0.037799 -0.021341 -0.022783 -0.033038  0.045055

  0.032904 -0.048708  0.082469 -0.084359 -0.041453  0.072649 -0.060203
  0.051386 -0.041774 -0.017503  0.095569  0.000012  0.020739 -0.075841
 -0.047254  0.036674 -0.042088  0.071044 -0.023556  0.093404  0.008766

 -0.044077  0.009128 -0.022507 -0.014080  0.030718 -0.084707  0.064578
 -0.092065 -0.017746  0.009634  0.040839  0.033546 -0.007897  0.056480
  0.092093 -0.035248  0.096277  0.043479  0.022979 -0.021226  0.039048

 -0.077009  0.099513  0.063207 -0.024263  0.036187 -0.078881 -0.053218
 -0.087369 -0.085476  0.055548 -0.031446  0.023652 -0.066959  0.054474
 -0.045630 -0.051666  0.019052 -0.037695  0.030588 -0.071314 -0.096856

 -0.035866  0.020789  0.059624 -0.043772  0.085541  0.055901  0.099707
  0.008520 -0.065325  0.038755  0.031511 -0.065811  0.001963 -0.092752
  0.070376  0.023082 -0.045970  0.083008  0.037606 -0.090422 -0.048438

 -0.038742 -0.057381 -0.093964  0.015628 -0.009047  0.025088  0.077933
 -0.078459  0.053774  0.081077 -0.014325 -0.025437  0.040702  0.041903
 -0.039896 -0.003397  0.041610  0.068624  0.031278 -0.019635  0.000135

  0.065467  0.082328  0.007384  0.035843  0.005410  0.061414  0.018851
 -0.056984  0.070992  0.070413  0.004274 -0.086389  0.076448 -0.080099
  0.004564  0.001536  0.097834  0.026105 -0.044690  0.078912 -0.088220

  0.029873  0.019614  0.053683  0.089977 -0.083783 -0.004707  0.058602
  0.047495  0.075659 -0.041263  0.012962  0.057987  0.066121 -0.051195
 -0.036603  0.027534  0.067656  0.006413 -0.001474  0.038069 -0.089313

  0.012136  0.014517 -0.069412 -0.083300 -0.083946 -0.071577  0.042805
 -0.028636 -0.092665  0.054585 -0.098764  0.026948  0.008268  0.091214
  0.043165 -0.096439  0.049816 -0.009341  0.079219 -0.091447 -0.096379

  0.037206  0.074673 -0.047573 -0.099397  0.002208 -0.079917  0.007016
 -0.099267  0.058152  0.017703  0.012870 -0.027330  0.048291  0.029570
 -0.011277  0.076714 -0.027626  0.060087  0.084049 -0.073041  0.061323

  0.010997  0.035227  0.052537 -0.045839  0.038787  0.002353  0.044821
  0.018007  0.010905  0.048442 -0.044787 -0.014422 -0.099131 -0.044184
  0.087786 -0.079048  0.062832  0.088519  0.079104 -0.019464  0.001389

 -0.048226 -0.071173 -0.069041  0.040497 -0.094459  0.003333  0.000584
  0.089590  0.030292 -0.038093  0.000586 -0.034481 -0.085556  0.054748
 -0.095694  0.016796 -0.000431  0.022313 -0.072298 -0.051989  0.077526

  0.013280 -0.051120 -0.066658  0.001066 -0.030168  0.096174 -0.010415
 -0.051064 -0.023290  0.090974  0.000709  0.005537 -0.078067 -0.058794
  0.011078  0.025266  0.041790  0.000668 -0.044442 -0.096304 -0.098746

  0.021077 -0.081860  0.056002  0.025383  0.034937 -0.044429 -0.052303
  0.062638  0.003581 -0.074778 -0.024081  0.052461 -0.041436  0.076985
 -0.077707 -0.045261 -0.033430 -0.028772  0.031449 -0.042455  0.071938

 -0.063014 -0.020522 -0.086856  0.048064 -0.095256  0.054934 -0.051268
 -0.039698  0.058630 -0.050014  0.081379  0.076770 -0.094012  0.006762
  0.011707 -0.038441  0.054459 -0.025654  0.065140  0.079681  0.050264

  0.017601 -0.061754  0.027249  0.039894 -0.007016  0.093819 -0.088877
 -0.075567 -0.048636  0.083061 -0.038581  0.030842  0.096204 -0.090517
  0.035585  0.051138 -0.041785  0.095887  0.009768  0.008202  0.077266

 -0.013462  0.014190 -0.015972  0.098246  0.075749 -0.061513 -0.027409
  0.040889 -0.081831 -0.077144 -0.041509 -0.043586  0.050105  0.098385
  0.049398  0.043924 -0.090492  0.073831  0.095288  0.092568 -0.064750

  0.026130  0.088773 -0.055267 -0.038284  0.039910  0.002949 -0.042397
 -0.050322 -0.088850 -0.065131  0.036217  0.025340  0.018897  0.034462
  0.001089  0.057385 -0.092946 -0.058022  0.075553 -0.070091  0.000469

 -0.068033  0.080014 -0.001146  0.081366  0.023939  0.008362  0.055197
  0.019227  0.000930  0.090447 -0.054643 -0.010298 -0.064819  0.007073
 -0.070387  0.038129  0.064676 -0.020709  0.049280  0.099544 -0.084492

 -0.025380  0.018442  0.049970  0.075709 -0.024174  0.057024 -0.082313
 -0.048620  0.086934  0.018157 -0.016653  0.066948 -0.082989 -0.035287
 -0.009114  0.025372 -0.080090 -0.089886 -0.073698 -0.089642 -0.044529

  0.016004 -0.054462  0.062544  0.045617  0.083668  0.027219 -0.075092
  0.032947  0.026763 -0.059584 -0.092433 -0.054795  0.090387  0.083276
  0.021031  0.047411 -0.099037  0.072411  0.034345  0.019120 -0.044242

0 iterations
Random weights above
==============================================
