This is pdfTeX, Version 3.1415926-2.5-1.40.13 (TeX Live 2013/dev) (format=latex 2012.8.31)  27 SEP 2012 12:47
entering extended mode
 restricted \write18 enabled.
 Source specials enabled.
 %&-line parsing enabled.
**thesis.tex
(./thesis.tex
LaTeX2e <2011/06/27>
Babel <v3.8m> and hyphenation patterns for english, dumylang, nohyphenation, po
lish, russian, ukrainian, pinyin, finnish, swedish, french, coptic, croatian, l
atin, assamese, bengali, gujarati, hindi, kannada, malayalam, marathi, oriya, p
anjabi, tamil, telugu, ukenglish, usenglishmax, danish, german, ngerman, swissg
erman, slovenian, afrikaans, uppersorbian, interlingua, galician, spanish, ital
ian, ethiopic, sanskrit, greek, portuguese, irish, esperanto, ancientgreek, iby
cus, basque, bokmal, nynorsk, icelandic, kurmanji, lithuanian, czech, estonian,
 serbian, serbianc, latvian, german-x-2012-05-30, ngerman-x-2012-05-30, romania
n, friulan, welsh, indonesian, armenian, mongolian, mongolianlmc, farsi, turkis
h, turkmen, romansh, bulgarian, hungarian, dutch, arabic, slovak, catalan, load
ed.
(./ucthesis.cls
Document Class: ucthesis 2004/12/19 v3.2 University of California Thesis Class
(/usr/share/texlive/texmf-dist/tex/latex/ucthesis/uct12.clo)
\descriptionmargin=\dimen102
\c@part=\count79
\c@chapter=\count80
\c@section=\count81
\c@subsection=\count82
\c@subsubsection=\count83
\c@paragraph=\count84
\c@subparagraph=\count85
\c@figure=\count86
\c@table=\count87
)
(/usr/share/texlive/texmf-dist/tex/latex/url/url.sty
\Urlmuskip=\muskip10
Package: url 2006/04/12  ver 3.3  Verb mode for urls, etc.
)
(/usr/share/texlive/texmf-dist/tex/latex/pstricks/pstricks.sty
Package: pstricks 2011/10/31 v0.52 LaTeX wrapper for `PSTricks' (RN,HV)

(/usr/share/texlive/texmf-dist/tex/generic/pstricks/pstricks.tex
(/usr/share/texlive/texmf-dist/tex/generic/xkeyval/pst-xkey.tex
File: pst-xkey.tex 2005/11/25 v1.6 PSTricks specialization of xkeyval (HA)

(/usr/share/texlive/texmf-dist/tex/latex/xkeyval/xkeyval.sty
Package: xkeyval 2008/08/13 v2.6a package option processing (HA)

(/usr/share/texlive/texmf-dist/tex/generic/xkeyval/xkeyval.tex
\XKV@toks=\toks14
\XKV@tempa@toks=\toks15
\XKV@depth=\count88
File: xkeyval.tex 2008/08/13 v2.6a key=value parser (HA)

(/usr/share/texlive/texmf-dist/tex/generic/xkeyval/keyval.tex))))
(/usr/share/texlive/texmf-dist/tex/generic/pstricks/pst-fp.tex
`pst-fp' v0.05, 2010/01/17 (hv)
\pstFP@xs=\count89
\pstFP@xia=\count90
\pstFP@xib=\count91
\pstFP@xfa=\count92
\pstFP@xfb=\count93
\pstFP@rega=\count94
\pstFP@regb=\count95
\pstFP@regs=\count96
\pstFP@times=\count97
)
\psLoopIndex=\count98

`PSTricks' v2.30  <2012/08/13> (tvz)
\pst@dima=\dimen103
\pst@dimb=\dimen104
\pst@dimc=\dimen105
\pst@dimd=\dimen106
\pst@dimg=\dimen107
\pst@dimh=\dimen108
\pst@dimm=\dimen109
\pst@dimn=\dimen110
\pst@dimo=\dimen111
\pst@dimp=\dimen112
\pst@hbox=\box26
\pst@ibox=\box27
\pst@boxg=\box28
\pst@cnta=\count99
\pst@cntb=\count100
\pst@cntc=\count101
\pst@cntd=\count102
\pst@cntg=\count103
\pst@cnth=\count104
\pst@cntm=\count105
\pst@cntn=\count106
\pst@cnto=\count107
\pst@cntp=\count108
\@zero=\count109
\pst@toks=\toks16
(/usr/share/texlive/texmf-dist/tex/generic/pstricks/pstricks.con)
\psunit=\dimen113
\psxunit=\dimen114
\psyunit=\dimen115
\pst@C@@rType=\count110
\pslinewidth=\dimen116
\psk@startLW=\dimen117
\psk@endLW=\dimen118
\pst@customdefs=\toks17
\pslinearc=\dimen119
\pst@symbolStep=\dimen120
\pst@symbolWidth=\dimen121
\pst@symbolLinewidth=\dimen122
\everypsbox=\toks18
\psframesep=\dimen123
\pslabelsep=\dimen124
\pst@shift=\dimen125
\theoverlaybox=\box29
)
File: pstricks.tex 2012/08/13 v2.30 `PSTricks' (tvz,hv)

(/usr/share/texlive/texmf-dist/tex/generic/pstricks/pst-fp.tex)
File: pst-fp.tex 2012/08/13 v2.30 `PST-fp' (hv)

(/usr/share/texlive/texmf-dist/tex/latex/xcolor/xcolor.sty
Package: xcolor 2007/01/21 v2.11 LaTeX color extensions (UK)

(/usr/share/texlive/texmf-dist/tex/latex/latexconfig/color.cfg
File: color.cfg 2007/01/18 v1.5 color configuration of teTeX/TeXLive
)
Package xcolor Info: Driver file: dvips.def on input line 225.

(/usr/share/texlive/texmf-dist/tex/latex/graphics/dvips.def
File: dvips.def 1999/02/16 v3.0i Driver-dependant file (DPC,SPQR)
)
Package xcolor Info: Model `cmy' substituted by `cmy0' on input line 1337.
Package xcolor Info: Model `RGB' extended on input line 1353.
Package xcolor Info: Model `HTML' substituted by `rgb' on input line 1355.
Package xcolor Info: Model `Hsb' substituted by `hsb' on input line 1356.
Package xcolor Info: Model `tHsb' substituted by `hsb' on input line 1357.
Package xcolor Info: Model `HSB' substituted by `hsb' on input line 1358.
Package xcolor Info: Model `Gray' substituted by `gray' on input line 1359.
Package xcolor Info: Model `wave' substituted by `hsb' on input line 1360.
))
(/usr/share/texlive/texmf-dist/tex/latex/pst-node/pst-node.sty
Package: pst-node 2011/06/05 v1.00 LaTeX wrapper for `pst-node' (HV)
Package: pst-node 2010/04/22 package wrapper for pst-node.tex

(/usr/share/texlive/texmf-dist/tex/generic/pst-node/pst-node.tex
 v1.22, 2012/02/12
\psrow=\count111
\pscol=\count112
\psmatrixcnt=\count113
\psrowsep=\skip41
\pscolsep=\skip42
\pst@args=\count114
\num@pts=\count115
\pst@argcnt=\count116
)
File: pst-node.tex 2012/02/12 1.22 `pst-node' (tvz)
)
(/usr/share/texlive/texmf-dist/tex/latex/pst-text/pst-text.sty
Package: pst-text 2006/01/01 package wrapper for pst-text.tex (hv)

(/usr/share/texlive/texmf-dist/tex/generic/pst-text/pst-text.tex
 v1.00, 2006/11/05(tvz,hv))
File: pst-text.tex 2006/11/05 1.00 `pst-text' (tvz)
)
(/usr/share/texlive/texmf-dist/tex/latex/pst-3d/pst-3d.sty
Package: pst-3d 2009/07/28 package wrapper for pst-3d.tex (hv)

(/usr/share/texlive/texmf-dist/tex/generic/pst-3d/pst-3d.tex
`PST-3d' v1.11, 2010/02/14 (tvz))
File: pst-3d.tex 2010/02/14 v1.11 `PST-3d' (hv)
)
(/usr/share/texlive/texmf-dist/tex/latex/amsmath/amsmath.sty
Package: amsmath 2000/07/18 v2.13 AMS math features
\@mathmargin=\skip43

For additional information on amsmath, use the `?' option.
(/usr/share/texlive/texmf-dist/tex/latex/amsmath/amstext.sty
Package: amstext 2000/06/29 v2.01

(/usr/share/texlive/texmf-dist/tex/latex/amsmath/amsgen.sty
File: amsgen.sty 1999/11/30 v2.0
\@emptytoks=\toks19
\ex@=\dimen126
))
(/usr/share/texlive/texmf-dist/tex/latex/amsmath/amsbsy.sty
Package: amsbsy 1999/11/29 v1.2d
\pmbraise@=\dimen127
)
(/usr/share/texlive/texmf-dist/tex/latex/amsmath/amsopn.sty
Package: amsopn 1999/12/14 v2.01 operator names
)
\inf@bad=\count117
LaTeX Info: Redefining \frac on input line 211.
\uproot@=\count118
\leftroot@=\count119
LaTeX Info: Redefining \overline on input line 307.
\classnum@=\count120
\DOTSCASE@=\count121
LaTeX Info: Redefining \ldots on input line 379.
LaTeX Info: Redefining \dots on input line 382.
LaTeX Info: Redefining \cdots on input line 467.
\Mathstrutbox@=\box30
\strutbox@=\box31
\big@size=\dimen128
LaTeX Font Info:    Redeclaring font encoding OML on input line 567.
LaTeX Font Info:    Redeclaring font encoding OMS on input line 568.
\macc@depth=\count122
\c@MaxMatrixCols=\count123
\dotsspace@=\muskip11
\c@parentequation=\count124
\dspbrk@lvl=\count125
\tag@help=\toks20
\row@=\count126
\column@=\count127
\maxfields@=\count128
\andhelp@=\toks21
\eqnshift@=\dimen129
\alignsep@=\dimen130
\tagshift@=\dimen131
\tagwidth@=\dimen132
\totwidth@=\dimen133
\lineht@=\dimen134
\@envbody=\toks22
\multlinegap=\skip44
\multlinetaggap=\skip45
\mathdisplay@stack=\toks23
LaTeX Info: Redefining \[ on input line 2666.
LaTeX Info: Redefining \] on input line 2667.
)
(/usr/share/texlive/texmf-dist/tex/latex/jknapltx/mathrsfs.sty
Package: mathrsfs 1996/01/01 Math RSFS package v1.0 (jk)
\symrsfs=\mathgroup4
)
(/usr/share/texlive/texmf-dist/tex/latex/amsfonts/amssymb.sty
Package: amssymb 2009/06/22 v3.00

(/usr/share/texlive/texmf-dist/tex/latex/amsfonts/amsfonts.sty
Package: amsfonts 2009/06/22 v3.00 Basic AMSFonts support
\symAMSa=\mathgroup5
\symAMSb=\mathgroup6
LaTeX Font Info:    Overwriting math alphabet `\mathfrak' in version `bold'
(Font)                  U/euf/m/n --> U/euf/b/n on input line 96.
))
(/usr/share/texlive/texmf-dist/tex/latex/graphics/graphics.sty
Package: graphics 2009/02/05 v1.0o Standard LaTeX Graphics (DPC,SPQR)

(/usr/share/texlive/texmf-dist/tex/latex/graphics/trig.sty
Package: trig 1999/03/16 v1.09 sin cos tan (DPC)
)
(/usr/share/texlive/texmf-dist/tex/latex/latexconfig/graphics.cfg
File: graphics.cfg 2010/04/23 v1.9 graphics configuration of TeX Live
)
Package graphics Info: Driver file: dvips.def on input line 91.
)
(/usr/share/texlive/texmf-dist/tex/latex/graphics/epsfig.sty
Package: epsfig 1999/02/16 v1.7a (e)psfig emulation (SPQR)

(/usr/share/texlive/texmf-dist/tex/latex/graphics/graphicx.sty
Package: graphicx 1999/02/16 v1.0f Enhanced LaTeX Graphics (DPC,SPQR)
\Gin@req@height=\dimen135
\Gin@req@width=\dimen136
)
\epsfxsize=\dimen137
\epsfysize=\dimen138
)
(/usr/share/texlive/texmf-dist/tex/latex/fancyhdr/fancyhdr.sty
\fancy@headwidth=\skip46
\f@ncyO@elh=\skip47
\f@ncyO@erh=\skip48
\f@ncyO@olh=\skip49
\f@ncyO@orh=\skip50
\f@ncyO@elf=\skip51
\f@ncyO@erf=\skip52
\f@ncyO@olf=\skip53
\f@ncyO@orf=\skip54
)
(/usr/share/texlive/texmf-dist/tex/latex/auto-pst-pdf/auto-pst-pdf.sty
Package: auto-pst-pdf 2009/04/26 v0.6 Wrapper for pst-pdf

(/usr/share/texlive/texmf-dist/tex/generic/oberdiek/ifpdf.sty
Package: ifpdf 2011/01/30 v2.3 Provides the ifpdf switch (HO)
Package ifpdf Info: pdfTeX in PDF mode is not detected.
)
(/usr/share/texlive/texmf-dist/tex/latex/ifplatform/ifplatform.sty
Package: ifplatform 2010/10/22 v0.4 Testing for the operating system

(/usr/share/texlive/texmf-dist/tex/generic/oberdiek/pdftexcmds.sty
Package: pdftexcmds 2011/11/29 v0.20 Utility functions of pdfTeX for LuaTeX (HO
)

(/usr/share/texlive/texmf-dist/tex/generic/oberdiek/infwarerr.sty
Package: infwarerr 2010/04/08 v1.3 Providing info/warning/error messages (HO)
)
(/usr/share/texlive/texmf-dist/tex/generic/oberdiek/ifluatex.sty
Package: ifluatex 2010/03/01 v1.3 Provides the ifluatex switch (HO)
Package ifluatex Info: LuaTeX not detected.
)
(/usr/share/texlive/texmf-dist/tex/generic/oberdiek/ltxcmds.sty
Package: ltxcmds 2011/11/09 v1.22 LaTeX kernel commands for general use (HO)
)
Package pdftexcmds Info: LuaTeX not detected.
Package pdftexcmds Info: \pdf@primitive is available.
Package pdftexcmds Info: \pdf@ifprimitive is available.
Package pdftexcmds Info: \pdfdraftmode is ignored in DVI mode.
)
(/usr/share/texlive/texmf-dist/tex/generic/oberdiek/catchfile.sty
Package: catchfile 2011/03/01 v1.6 Catch the contents of a file (HO)

(/usr/share/texlive/texmf-dist/tex/generic/oberdiek/etexcmds.sty
Package: etexcmds 2011/02/16 v1.5 Avoid name clashes with e-TeX commands (HO)
Package etexcmds Info: Could not find \expanded.
(etexcmds)             That can mean that you are not using pdfTeX 1.50 or
(etexcmds)             that some package has redefined \expanded.
(etexcmds)             In the latter case, load this package earlier.
))

Package ifplatform Warning: 
    shell escape is disabled, so I can only detect \ifwindows.

)
\c@app@runs=\count129
 (/usr/share/texlive/texmf-dist/tex/latex/pst-pdf/pst-pdf.sty
Package: pst-pdf 2008/10/09 v1.1v PS graphics for pdfLaTeX (RN,HjG)
\c@pspicture=\count130
Package pst-pdf Info: MODE: 9 (inactive mode) on input line 458.
))
(/usr/share/texlive/texmf-dist/tex/latex/cite/cite.sty
LaTeX Info: Redefining \cite on input line 302.
LaTeX Info: Redefining \nocite on input line 373.
Package: cite 2010/09/10  v 5.3
) (./nomencl.sty
Package: nomencl 2000/12/03 v3.1a Nomenclature package (BS)
\nomlabelwidth=\dimen139
\nom@tempdim=\dimen140
\nomitemsep=\skip55
)
(/usr/share/texlive/texmf-dist/tex/latex/subfigure/subfigure.sty
Package: subfigure 2002/03/15 v2.1.5 subfigure package


Package subfigure Warning: Your document class has a bad definition
 of \endfigure, most likely
 \let\endfigure=\end@float
 which has now been changed to
 \def\endfigure{\end@float}
 because otherwise subsequent changes to \end@float
 (like done by several packages changing float behaviour)
 can't take effect on \endfigure.
 Please complain to your document class author.


Package subfigure Warning: Your document class has a bad definition
 of \endtable, most likely
 \let\endtable=\end@float
 which has now been changed to
 \def\endtable{\end@float}
 because otherwise subsequent changes to \end@float
 (like done by several packages changing float behaviour)
 can't take effect on \endtable.
 Please complain to your document class author.

\subfigtopskip=\skip56
\subfigcapskip=\skip57
\subfigcaptopadj=\dimen141
\subfigbottomskip=\skip58
\subfigcapmargin=\dimen142
\subfiglabelskip=\skip59
\c@subfigure=\count131
\c@lofdepth=\count132
\c@subtable=\count133
\c@lotdepth=\count134
****************************************
* Local config file subfigure.cfg used *
****************************************
(/usr/share/texlive/texmf-dist/tex/latex/subfigure/subfigure.cfg)
\subfig@top=\skip60
\subfig@bottom=\skip61
)
(/usr/share/texlive/texmf-dist/tex/latex/subfigmat/subfigmat.sty
Package: subfigmat 1999/02/27 v1.0 Subfigure Matrix Package
\sfm@width=\skip62
\sfmcolsep=\skip63
\c@sfm@count=\count135
)
(/usr/share/texlive/texmf-dist/tex/latex/floatrow/floatrow.sty
Package: floatrow 2008/08/02 v0.3b floatrow: float package extension

(/usr/share/texlive/texmf-dist/tex/latex/caption/caption3.sty
Package: caption3 2012/01/12 v1.4b caption3 kernel (AR)
\captionmargin=\dimen143
\captionmargin@=\dimen144
\captionwidth=\dimen145
\caption@indent=\dimen146
\caption@parindent=\dimen147
\caption@hangindent=\dimen148
\abovecaptionskip=\skip64
\belowcaptionskip=\skip65
Package caption Info: Unknown document class (or package),
(caption)             standard defaults will be used.
)
\c@float@type=\count136
\float@exts=\toks24
\float@box=\box32
\@floatcapt=\box33
Package floatrow Info: Modified float package code loaded on input line 455.
Package floatrow Info: Modified rotfloat package code loaded on input line 473.

\FR@everyfloat=\toks25
\flrow@foot=\insert233
\FB@wd=\dimen149
\FBo@wd=\dimen150
\FBc@wd=\dimen151
\FBo@ht=\skip66
\FBc@ht=\skip67
\FBf@ht=\skip68
\FBo@max=\skip69
\FBc@max=\skip70
\FBf@max=\skip71
\c@FBl@b=\count137
\floatbox@depth=\count138
\c@FRobj=\count139
\c@FRsobj=\count140
\Xhsize=\skip72
\sXhsize=\skip73
\Zhsize=\skip74
\sZhsize=\skip75
\flrow@rowbox=\box34
\FR@Zunitlength=\dimen152
\c@FBcnt=\count141
\FPOScnt=\count142
\LTleft=\skip76
\LTright=\skip77
\LTleft=\skip78
\LTright=\skip79
\flrow@types=\toks26
)
(/usr/share/texlive/texmf-dist/tex/latex/setspace/setspace.sty
Package: setspace 2011/12/19 v6.7a set line spacing
) (./mcode.sty
-- Package: `mcode' 2.3 <2012/08/31> --
Package: mcode 2012/08/31 2.3
 - settings optimized for display (colour formating)
(/usr/share/texlive/texmf-dist/tex/latex/listings/listings.sty
\lst@mode=\count143
\lst@gtempboxa=\box35
\lst@token=\toks27
\lst@length=\count144
\lst@currlwidth=\dimen153
\lst@column=\count145
\lst@pos=\count146
\lst@lostspace=\dimen154
\lst@width=\dimen155
\lst@newlines=\count147
\lst@lineno=\count148
\lst@maxwidth=\dimen156

(/usr/share/texlive/texmf-dist/tex/latex/listings/lstmisc.sty
File: lstmisc.sty 2007/02/22 1.4 (Carsten Heinz)
\c@lstnumber=\count149
\lst@skipnumbers=\count150
\lst@framebox=\box36
)
(/usr/share/texlive/texmf-dist/tex/latex/listings/listings.cfg
File: listings.cfg 2007/02/22 1.4 listings configuration
))
Package: listings 2007/02/22 1.4 (Carsten Heinz)

(/usr/share/texlive/texmf-dist/tex/latex/base/textcomp.sty
Package: textcomp 2005/09/27 v1.99g Standard LaTeX package
Package textcomp Info: Sub-encoding information:
(textcomp)               5 = only ISO-Adobe without \textcurrency
(textcomp)               4 = 5 + \texteuro
(textcomp)               3 = 4 + \textohm
(textcomp)               2 = 3 + \textestimated + \textcurrency
(textcomp)               1 = TS1 - \textcircled - \t
(textcomp)               0 = TS1 (full)
(textcomp)             Font families with sub-encoding setting implement
(textcomp)             only a restricted character set as indicated.
(textcomp)             Family '?' is the default used for unknown fonts.
(textcomp)             See the documentation for details.
Package textcomp Info: Setting ? sub-encoding to TS1/1 on input line 71.

(/usr/share/texlive/texmf-dist/tex/latex/base/ts1enc.def
File: ts1enc.def 2001/06/05 v3.0e (jk/car/fm) Standard LaTeX file
)
LaTeX Info: Redefining \oldstylenums on input line 266.
Package textcomp Info: Setting cmr sub-encoding to TS1/0 on input line 281.
Package textcomp Info: Setting cmss sub-encoding to TS1/0 on input line 282.
Package textcomp Info: Setting cmtt sub-encoding to TS1/0 on input line 283.
Package textcomp Info: Setting cmvtt sub-encoding to TS1/0 on input line 284.
Package textcomp Info: Setting cmbr sub-encoding to TS1/0 on input line 285.
Package textcomp Info: Setting cmtl sub-encoding to TS1/0 on input line 286.
Package textcomp Info: Setting ccr sub-encoding to TS1/0 on input line 287.
Package textcomp Info: Setting ptm sub-encoding to TS1/4 on input line 288.
Package textcomp Info: Setting pcr sub-encoding to TS1/4 on input line 289.
Package textcomp Info: Setting phv sub-encoding to TS1/4 on input line 290.
Package textcomp Info: Setting ppl sub-encoding to TS1/3 on input line 291.
Package textcomp Info: Setting pag sub-encoding to TS1/4 on input line 292.
Package textcomp Info: Setting pbk sub-encoding to TS1/4 on input line 293.
Package textcomp Info: Setting pnc sub-encoding to TS1/4 on input line 294.
Package textcomp Info: Setting pzc sub-encoding to TS1/4 on input line 295.
Package textcomp Info: Setting bch sub-encoding to TS1/4 on input line 296.
Package textcomp Info: Setting put sub-encoding to TS1/5 on input line 297.
Package textcomp Info: Setting uag sub-encoding to TS1/5 on input line 298.
Package textcomp Info: Setting ugq sub-encoding to TS1/5 on input line 299.
Package textcomp Info: Setting ul8 sub-encoding to TS1/4 on input line 300.
Package textcomp Info: Setting ul9 sub-encoding to TS1/4 on input line 301.
Package textcomp Info: Setting augie sub-encoding to TS1/5 on input line 302.
Package textcomp Info: Setting dayrom sub-encoding to TS1/3 on input line 303.
Package textcomp Info: Setting dayroms sub-encoding to TS1/3 on input line 304.

Package textcomp Info: Setting pxr sub-encoding to TS1/0 on input line 305.
Package textcomp Info: Setting pxss sub-encoding to TS1/0 on input line 306.
Package textcomp Info: Setting pxtt sub-encoding to TS1/0 on input line 307.
Package textcomp Info: Setting txr sub-encoding to TS1/0 on input line 308.
Package textcomp Info: Setting txss sub-encoding to TS1/0 on input line 309.
Package textcomp Info: Setting txtt sub-encoding to TS1/0 on input line 310.
Package textcomp Info: Setting lmr sub-encoding to TS1/0 on input line 311.
Package textcomp Info: Setting lmdh sub-encoding to TS1/0 on input line 312.
Package textcomp Info: Setting lmss sub-encoding to TS1/0 on input line 313.
Package textcomp Info: Setting lmssq sub-encoding to TS1/0 on input line 314.
Package textcomp Info: Setting lmvtt sub-encoding to TS1/0 on input line 315.
Package textcomp Info: Setting qhv sub-encoding to TS1/0 on input line 316.
Package textcomp Info: Setting qag sub-encoding to TS1/0 on input line 317.
Package textcomp Info: Setting qbk sub-encoding to TS1/0 on input line 318.
Package textcomp Info: Setting qcr sub-encoding to TS1/0 on input line 319.
Package textcomp Info: Setting qcs sub-encoding to TS1/0 on input line 320.
Package textcomp Info: Setting qpl sub-encoding to TS1/0 on input line 321.
Package textcomp Info: Setting qtm sub-encoding to TS1/0 on input line 322.
Package textcomp Info: Setting qzc sub-encoding to TS1/0 on input line 323.
Package textcomp Info: Setting qhvc sub-encoding to TS1/0 on input line 324.
Package textcomp Info: Setting futs sub-encoding to TS1/4 on input line 325.
Package textcomp Info: Setting futx sub-encoding to TS1/4 on input line 326.
Package textcomp Info: Setting futj sub-encoding to TS1/4 on input line 327.
Package textcomp Info: Setting hlh sub-encoding to TS1/3 on input line 328.
Package textcomp Info: Setting hls sub-encoding to TS1/3 on input line 329.
Package textcomp Info: Setting hlst sub-encoding to TS1/3 on input line 330.
Package textcomp Info: Setting hlct sub-encoding to TS1/5 on input line 331.
Package textcomp Info: Setting hlx sub-encoding to TS1/5 on input line 332.
Package textcomp Info: Setting hlce sub-encoding to TS1/5 on input line 333.
Package textcomp Info: Setting hlcn sub-encoding to TS1/5 on input line 334.
Package textcomp Info: Setting hlcw sub-encoding to TS1/5 on input line 335.
Package textcomp Info: Setting hlcf sub-encoding to TS1/5 on input line 336.
Package textcomp Info: Setting pplx sub-encoding to TS1/3 on input line 337.
Package textcomp Info: Setting pplj sub-encoding to TS1/3 on input line 338.
Package textcomp Info: Setting ptmx sub-encoding to TS1/4 on input line 339.
Package textcomp Info: Setting ptmj sub-encoding to TS1/4 on input line 340.
))
(/usr/share/texlive/texmf-dist/tex/latex/titlesec/titlesec.sty
Package: titlesec 2011/12/15 v2.10.0 Sectioning titles
\ttl@box=\box37
\beforetitleunit=\skip80
\aftertitleunit=\skip81
\ttl@plus=\dimen157
\ttl@minus=\dimen158
\ttl@toksa=\toks28
\titlewidth=\dimen159
\titlewidthlast=\dimen160
\titlewidthfirst=\dimen161
)
\@glossaryfile=\write3
\openout3 = `thesis.glo'.


Writing glossary file thesis.glo

LaTeX Warning: Unused global option(s):
    [13pt].

(./thesis.aux)
\openout1 = `thesis.aux'.

LaTeX Font Info:    Checking defaults for OML/cmm/m/it on input line 41.
LaTeX Font Info:    ... okay on input line 41.
LaTeX Font Info:    Checking defaults for T1/cmr/m/n on input line 41.
LaTeX Font Info:    ... okay on input line 41.
LaTeX Font Info:    Checking defaults for OT1/cmr/m/n on input line 41.
LaTeX Font Info:    ... okay on input line 41.
LaTeX Font Info:    Checking defaults for OMS/cmsy/m/n on input line 41.
LaTeX Font Info:    ... okay on input line 41.
LaTeX Font Info:    Checking defaults for OMX/cmex/m/n on input line 41.
LaTeX Font Info:    ... okay on input line 41.
LaTeX Font Info:    Checking defaults for U/cmr/m/n on input line 41.
LaTeX Font Info:    ... okay on input line 41.
LaTeX Font Info:    Checking defaults for TS1/cmr/m/n on input line 41.
LaTeX Font Info:    Try loading font information for TS1+cmr on input line 41.
 (/usr/share/texlive/texmf-dist/tex/latex/base/ts1cmr.fd
File: ts1cmr.fd 1999/05/25 v2.5h Standard LaTeX font definitions
)
LaTeX Font Info:    ... okay on input line 41.
Package caption Info: Begin \AtBeginDocument code.
Package caption Info: End \AtBeginDocument code.
\c@lstlisting=\count151

(./abstract.tex)
Overfull \hbox (20.60574pt too wide) has occurred while \output is active
[] \OT1/cmr/m/n/12 i
 []

[1

] (./thesis.gls
LaTeX Font Info:    Try loading font information for U+rsfs on input line 5.
 (/usr/share/texlive/texmf-dist/tex/latex/jknapltx/ursfs.fd
File: ursfs.fd 1998/03/24 rsfs font definition file (jk)
)
LaTeX Font Info:    Try loading font information for U+msa on input line 5.

(/usr/share/texlive/texmf-dist/tex/latex/amsfonts/umsa.fd
File: umsa.fd 2009/06/22 v3.00 AMS symbols A
)
LaTeX Font Info:    Try loading font information for U+msb on input line 5.

(/usr/share/texlive/texmf-dist/tex/latex/amsfonts/umsb.fd
File: umsb.fd 2009/06/22 v3.00 AMS symbols B
)
Overfull \hbox (23.8696pt too wide) has occurred while \output is active
[] \OT1/cmr/m/n/12 ii
 []

[2

]
Overfull \hbox (27.13345pt too wide) has occurred while \output is active
[] \OT1/cmr/m/n/12 iii
 []

[3])
Overfull \hbox (26.80707pt too wide) has occurred while \output is active
[] \OT1/cmr/m/n/12 iv
 []

[4] (./thesis.toc
Overfull \hbox (23.54321pt too wide) has occurred while \output is active
[] \OT1/cmr/m/n/12 v
 []

[5

])
\tf@toc=\write4
\openout4 = `thesis.toc'.


Overfull \hbox (26.80707pt too wide) has occurred while \output is active
[] \OT1/cmr/m/n/12 vi
 []

[6] (./thesis.lof
Overfull \hbox (30.07092pt too wide) has occurred while \output is active
[] \OT1/cmr/m/n/12 vii
 []

[7

]
Overfull \hbox (33.33478pt too wide) has occurred while \output is active
[] \OT1/cmr/m/n/12 viii
 []

[8]
Overfull \hbox (26.80707pt too wide) has occurred while \output is active
[] \OT1/cmr/m/n/12 ix
 []

[9]
Overfull \hbox (23.54321pt too wide) has occurred while \output is active
[] \OT1/cmr/m/n/12 x
 []

[10]
Overfull \hbox (26.80707pt too wide) has occurred while \output is active
[] \OT1/cmr/m/n/12 xi
 []

[11])
\tf@lof=\write5
\openout5 = `thesis.lof'.


Overfull \hbox (30.07092pt too wide) has occurred while \output is active
[] \OT1/cmr/m/n/12 xii
 []

[12] (./acknowledgments.tex)
Overfull \hbox (23.21683pt too wide) has occurred while \output is active
[] \OT1/cmr/m/n/12 1
 []

[1

]
Overfull \hbox (23.21683pt too wide) has occurred while \output is active
[] \OT1/cmr/m/n/12 2
 []

[2]
Chapter 1.
(./introduction.tex
Overfull \hbox (23.21683pt too wide) has occurred while \output is active
[] \OT1/cmr/m/n/12 3
 []

[3

]
File: eps_pics/orbitalDebris.eps Graphic file (type eps)
 <eps_pics/orbitalDebris.eps>
Overfull \hbox (23.21683pt too wide) has occurred while \output is active
[] \OT1/cmr/m/n/12 4
 []

[4]
Overfull \hbox (23.21683pt too wide) has occurred while \output is active
[] \OT1/cmr/m/n/12 5
 []

[5]
File: eps_pics/selfHealingMedium.eps Graphic file (type eps)
 <eps_pics/selfHealingMedium.eps>
Overfull \hbox (23.21683pt too wide) has occurred while \output is active
[] \OT1/cmr/m/n/12 6
 []

[6]
Overfull \hbox (23.21683pt too wide) has occurred while \output is active
[] \OT1/cmr/m/n/12 7
 []

[7]
Overfull \hbox (23.21683pt too wide) has occurred while \output is active
[] \OT1/cmr/m/n/12 8
 []

[8]
File: eps_pics/sentNoCrack.eps Graphic file (type eps)
 <eps_pics/sentNoCrack.eps>
File: eps_pics/sentCrack.eps Graphic file (type eps)
 <eps_pics/sentCrack.eps>
Overfull \hbox (23.21683pt too wide) has occurred while \output is active
[] \OT1/cmr/m/n/12 9
 []

[9]
Overfull \hbox (29.09177pt too wide) has occurred while \output is active
[] \OT1/cmr/m/n/12 10
 []

[10]
File: eps_pics/trDrawing.eps Graphic file (type eps)
 <eps_pics/trDrawing.eps>
Overfull \hbox (29.09177pt too wide) has occurred while \output is active
[] \OT1/cmr/m/n/12 11
 []

[11]
Overfull \hbox (29.09177pt too wide) has occurred while \output is active
[] \OT1/cmr/m/n/12 12
 []

[12]
Underfull \hbox (badness 10000) in paragraph at lines 66--67

 []


Overfull \hbox (29.09177pt too wide) has occurred while \output is active
[] \OT1/cmr/m/n/12 13
 []

[13])
Overfull \hbox (29.09177pt too wide) has occurred while \output is active
[] \OT1/cmr/m/n/12 14
 []

[14]
Chapter 2.
(./modeling.tex
File: eps_pics/deriveWaveRod.eps Graphic file (type eps)
 <eps_pics/deriveWaveRod.eps>
Overfull \hbox (29.09177pt too wide) has occurred while \output is active
[] \OT1/cmr/m/n/12 15
 []

[15

]
File: eps_pics/diffElementRod.eps Graphic file (type eps)
 <eps_pics/diffElementRod.eps>
Overfull \hbox (29.09177pt too wide) has occurred while \output is active
[] \OT1/cmr/m/n/12 16
 []

[16]
Overfull \hbox (29.09177pt too wide) has occurred while \output is active
[] \OT1/cmr/m/n/12 17
 []

[17]
Overfull \hbox (29.09177pt too wide) has occurred while \output is active
[] \OT1/cmr/m/n/12 18
 []

[18]
Overfull \hbox (29.09177pt too wide) has occurred while \output is active
[] \OT1/cmr/m/n/12 19
 []

[19]
Overfull \hbox (29.09177pt too wide) has occurred while \output is active
[] \OT1/cmr/m/n/12 20
 []

[20]
File: eps_pics/trans_circ.eps Graphic file (type eps)
 <eps_pics/trans_circ.eps>
Overfull \hbox (29.09177pt too wide) has occurred while \output is active
[] \OT1/cmr/m/n/12 21
 []

[21]
File: eps_pics/rodTrans.eps Graphic file (type eps)
 <eps_pics/rodTrans.eps>
Overfull \hbox (29.09177pt too wide) has occurred while \output is active
[] \OT1/cmr/m/n/12 22
 []

[22]
File: eps_pics/rodTransCrack.eps Graphic file (type eps)
 <eps_pics/rodTransCrack.eps>
Overfull \hbox (29.09177pt too wide) has occurred while \output is active
[] \OT1/cmr/m/n/12 23
 []

[23]
Overfull \hbox (29.09177pt too wide) has occurred while \output is active
[] \OT1/cmr/m/n/12 24
 []

[24]
Overfull \hbox (29.09177pt too wide) has occurred while \output is active
[] \OT1/cmr/m/n/12 25
 []

[25]
Overfull \hbox (29.09177pt too wide) has occurred while \output is active
[] \OT1/cmr/m/n/12 26
 []

[26]
File: eps_pics/2dTr.eps Graphic file (type eps)
 <eps_pics/2dTr.eps>
Overfull \hbox (29.09177pt too wide) has occurred while \output is active
[] \OT1/cmr/m/n/12 27
 []

[27]
Overfull \hbox (29.09177pt too wide) has occurred while \output is active
[] \OT1/cmr/m/n/12 28
 []

[28]
Overfull \hbox (29.09177pt too wide) has occurred while \output is active
[] \OT1/cmr/m/n/12 29
 []

[29])
Overfull \hbox (29.09177pt too wide) has occurred while \output is active
[] \OT1/cmr/m/n/12 30
 []

[30]
Chapter 3.
(./experiments.tex
Overfull \hbox (29.09177pt too wide) has occurred while \output is active
[] \OT1/cmr/m/n/12 31
 []

[31

]
File: eps_pics/fpgaCard.eps Graphic file (type eps)
 <eps_pics/fpgaCard.eps>
File: eps_pics/oneAmp.eps Graphic file (type eps)
 <eps_pics/oneAmp.eps>
File: eps_pics/ampBox.eps Graphic file (type eps)
 <eps_pics/ampBox.eps>
File: eps_pics/ioBox.eps Graphic file (type eps)

<eps_pics/ioBox.eps>
File: eps_pics/hardwareComm.eps Graphic file (type eps)
 <eps_pics/hardwareComm.eps>
Overfull \hbox (29.09177pt too wide) has occurred while \output is active
[] \OT1/cmr/m/n/12 32
 []

[32]
Overfull \hbox (29.09177pt too wide) has occurred while \output is active
[] \OT1/cmr/m/n/12 33
 []

[33]
Overfull \hbox (29.09177pt too wide) has occurred while \output is active
[] \OT1/cmr/m/n/12 34
 []

[34]

LaTeX Warning: Text page 35 contains only floats.


Overfull \hbox (29.09177pt too wide) has occurred while \output is active
[] \OT1/cmr/m/n/12 35
 []

[35]
File: eps_pics/lsCompression.eps Graphic file (type eps)
 <eps_pics/lsCompression.eps>
File: eps_pics/rsCompression.eps Graphic file (type eps)
 <eps_pics/rsCompression.eps>
File: eps_pics/steelUncrackedFull.eps Graphic file (type eps)

<eps_pics/steelUncrackedFull.eps>
File: eps_pics/junctionBox.eps Graphic file (type eps)
 <eps_pics/junctionBox.eps>
File: eps_pics/diodeCircuit.eps Graphic file (type eps)

<eps_pics/diodeCircuit.eps>
Overfull \hbox (29.09177pt too wide) has occurred while \output is active
[] \OT1/cmr/m/n/12 36
 []

[36]
Overfull \hbox (29.09177pt too wide) has occurred while \output is active
[] \OT1/cmr/m/n/12 37
 []

[37]

LaTeX Warning: Text page 38 contains only floats.


Overfull \vbox (3.19797pt too high) has occurred while \output is active []


Overfull \hbox (29.09177pt too wide) has occurred while \output is active
[] \OT1/cmr/m/n/12 38
 []

[38]
File: eps_pics/initialWave.eps Graphic file (type eps)
 <eps_pics/initialWave.eps>
Overfull \hbox (29.09177pt too wide) has occurred while \output is active
[] \OT1/cmr/m/n/12 39
 []

[39]
Overfull \hbox (29.09177pt too wide) has occurred while \output is active
[] \OT1/cmr/m/n/12 40
 []

[40]
File: eps_pics/steelPieces.eps Graphic file (type eps)
 <eps_pics/steelPieces.eps>
File: eps_pics/steelCrackFull.eps Graphic file (type eps)
 <eps_pics/steelCrackFull.eps>
File: eps_pics/steelCrackClose.eps Graphic file (type eps)

<eps_pics/steelCrackClose.eps>
File: eps_pics/nylonUncrackedFull.eps Graphic file (type eps)
 <eps_pics/nylonUncrackedFull.eps>
File: eps_pics/nylonCrackFull.eps Graphic file (type eps)

<eps_pics/nylonCrackFull.eps>
File: eps_pics/nylonCrackClose.eps Graphic file (type eps)
 <eps_pics/nylonCrackClose.eps>
Overfull \hbox (29.09177pt too wide) has occurred while \output is active
[] \OT1/cmr/m/n/12 41
 []

[41]
Overfull \hbox (29.09177pt too wide) has occurred while \output is active
[] \OT1/cmr/m/n/12 42
 []

[42]
Overfull \hbox (29.09177pt too wide) has occurred while \output is active
[] \OT1/cmr/m/n/12 43
 []

[43]
Overfull \hbox (29.09177pt too wide) has occurred while \output is active
[] \OT1/cmr/m/n/12 44
 []

[44]
File: eps_pics/tr_dimensions.eps Graphic file (type eps)
 <eps_pics/tr_dimensions.eps>
File: eps_pics/steelSetupFull.eps Graphic file (type eps)
 <eps_pics/steelSetupFull.eps>
File: eps_pics/steelSetupClose.eps Graphic file (type eps)

<eps_pics/steelSetupClose.eps>
File: eps_pics/nylonSetupFull.eps Graphic file (type eps)
 <eps_pics/nylonSetupFull.eps>
File: eps_pics/nylonSetupClose.eps Graphic file (type eps)

<eps_pics/nylonSetupClose.eps>
Overfull \hbox (29.09177pt too wide) has occurred while \output is active
[] \OT1/cmr/m/n/12 45
 []

[45]
Overfull \hbox (29.09177pt too wide) has occurred while \output is active
[] \OT1/cmr/m/n/12 46
 []

[46]
Overfull \hbox (29.09177pt too wide) has occurred while \output is active
[] \OT1/cmr/m/n/12 47
 []

[47]
File: eps_pics/ch0Read.eps Graphic file (type eps)
 <eps_pics/ch0Read.eps>
File: eps_pics/ch1Read.eps Graphic file (type eps)
 <eps_pics/ch1Read.eps>
Overfull \hbox (29.09177pt too wide) has occurred while \output is active
[] \OT1/cmr/m/n/12 48
 []

[48]
Overfull \hbox (29.09177pt too wide) has occurred while \output is active
[] \OT1/cmr/m/n/12 49
 []

[49]
File: eps_pics/ch0RMS.eps Graphic file (type eps)
 <eps_pics/ch0RMS.eps>
File: eps_pics/ch1RMS.eps Graphic file (type eps)
 <eps_pics/ch1RMS.eps>
Overfull \hbox (29.09177pt too wide) has occurred while \output is active
[] \OT1/cmr/m/n/12 50
 []

[50]
Overfull \hbox (29.09177pt too wide) has occurred while \output is active
[] \OT1/cmr/m/n/12 51
 []

[51]
File: eps_pics/ch0Chosen.eps Graphic file (type eps)
 <eps_pics/ch0Chosen.eps>
File: eps_pics/ch1Chosen.eps Graphic file (type eps)
 <eps_pics/ch1Chosen.eps>
File: eps_pics/ch0Scaled.eps Graphic file (type eps)

<eps_pics/ch0Scaled.eps>
File: eps_pics/ch1Scaled.eps Graphic file (type eps)
 <eps_pics/ch1Scaled.eps>
Overfull \hbox (29.09177pt too wide) has occurred while \output is active
[] \OT1/cmr/m/n/12 52
 []

[52]
Overfull \hbox (29.09177pt too wide) has occurred while \output is active
[] \OT1/cmr/m/n/12 53
 []

[53]
Overfull \hbox (29.09177pt too wide) has occurred while \output is active
[] \OT1/cmr/m/n/12 54
 []

[54]
Overfull \hbox (29.09177pt too wide) has occurred while \output is active
[] \OT1/cmr/m/n/12 55
 []

[55]
File: eps_pics/newFlow.eps Graphic file (type eps)
 <eps_pics/newFlow.eps>

LaTeX Warning: Float too large for page by 25.1339pt on input line 281.

)
Overfull \hbox (29.09177pt too wide) has occurred while \output is active
[] \OT1/cmr/m/n/12 56
 []

[56]
Overfull \hbox (29.09177pt too wide) has occurred while \output is active
[] \OT1/cmr/m/n/12 57
 []

[57]
Chapter 4.
(./results.tex
Overfull \hbox (29.09177pt too wide) has occurred while \output is active
[] \OT1/cmr/m/n/12 58
 []

[58

]
File: eps_pics/noCircuit.eps Graphic file (type eps)
 <eps_pics/noCircuit.eps>
File: eps_pics/withCircuit.eps Graphic file (type eps)
 <eps_pics/withCircuit.eps>
Overfull \hbox (29.09177pt too wide) has occurred while \output is active
[] \OT1/cmr/m/n/12 59
 []

[59]
File: eps_pics/steelUncracked.eps Graphic file (type eps)
 <eps_pics/steelUncracked.eps>
File: eps_pics/steelCracked.eps Graphic file (type eps)
 <eps_pics/steelCracked.eps>
File: eps_pics/steelDifferences.eps Graphic file (type eps)

<eps_pics/steelDifferences.eps>
Overfull \hbox (29.09177pt too wide) has occurred while \output is active
[] \OT1/cmr/m/n/12 60
 []

[60]
File: eps_pics/nylonUncracked.eps Graphic file (type eps)
 <eps_pics/nylonUncracked.eps>
File: eps_pics/nylonCracked.eps Graphic file (type eps)
 <eps_pics/nylonCracked.eps>
File: eps_pics/nylonDifferences.eps Graphic file (type eps)

<eps_pics/nylonDifferences.eps>
Overfull \hbox (29.09177pt too wide) has occurred while \output is active
[] \OT1/cmr/m/n/12 61
 []

[61]
Overfull \hbox (29.09177pt too wide) has occurred while \output is active
[] \OT1/cmr/m/n/12 62
 []

[62]
File: eps_pics/steel-1-2_Iter_th_exp.eps Graphic file (type eps)
 <eps_pics/steel-1-2_Iter_th_exp.eps>
Overfull \hbox (29.09177pt too wide) has occurred while \output is active
[] \OT1/cmr/m/n/12 63
 []

[63]
File: eps_pics/steel-1-3_Iter_th_exp.eps Graphic file (type eps)
 <eps_pics/steel-1-3_Iter_th_exp.eps>
File: eps_pics/steel-2-3_Iter_th_exp.eps Graphic file (type eps)
 <eps_pics/steel-2-3_Iter_th_exp.eps>
Overfull \hbox (29.09177pt too wide) has occurred while \output is active
[] \OT1/cmr/m/n/12 64
 []

[64]
Overfull \hbox (29.09177pt too wide) has occurred while \output is active
[] \OT1/cmr/m/n/12 65
 []

[65]
File: eps_pics/nylon-2-3_Iter_th_exp.eps Graphic file (type eps)
 <eps_pics/nylon-2-3_Iter_th_exp.eps>
File: eps_pics/nylon-2-4_Iter_th_exp.eps Graphic file (type eps)
 <eps_pics/nylon-2-4_Iter_th_exp.eps>
File: eps_pics/nylon-3-4_Iter_th_exp.eps Graphic file (type eps)

<eps_pics/nylon-3-4_Iter_th_exp.eps>
Overfull \hbox (29.09177pt too wide) has occurred while \output is active
[] \OT1/cmr/m/n/12 66
 []

[66]
Overfull \hbox (29.09177pt too wide) has occurred while \output is active
[] \OT1/cmr/m/n/12 67
 []

[67]
File: eps_pics/steel-1-2_iterationVsGain.eps Graphic file (type eps)
 <eps_pics/steel-1-2_iterationVsGain.eps>
File: eps_pics/steel-1-3_iterationVsGain.eps Graphic file (type eps)

<eps_pics/steel-1-3_iterationVsGain.eps>
File: eps_pics/steel-2-3_iterationVsGain.eps Graphic file (type eps)

<eps_pics/steel-2-3_iterationVsGain.eps>
File: eps_pics/steel-1-2_Initial.eps Graphic file (type eps)
 <eps_pics/steel-1-2_Initial.eps>
File: eps_pics/steel-1-2_Final.eps Graphic file (type eps)

<eps_pics/steel-1-2_Final.eps>
File: eps_pics/steel-1-3_Initial.eps Graphic file (type eps)
 <eps_pics/steel-1-3_Initial.eps>
File: eps_pics/steel-1-3_Final.eps Graphic file (type eps)

<eps_pics/steel-1-3_Final.eps>
File: eps_pics/steel-2-3_Initial.eps Graphic file (type eps)
 <eps_pics/steel-2-3_Initial.eps>
File: eps_pics/steel-2-3_Final.eps Graphic file (type eps)

<eps_pics/steel-2-3_Final.eps>
Overfull \hbox (29.09177pt too wide) has occurred while \output is active
[] \OT1/cmr/m/n/12 68
 []

[68]
Overfull \hbox (29.09177pt too wide) has occurred while \output is active
[] \OT1/cmr/m/n/12 69
 []

[69]
File: eps_pics/nylon-2-3_iterationVsGain.eps Graphic file (type eps)
 <eps_pics/nylon-2-3_iterationVsGain.eps>
File: eps_pics/nylon-2-4_iterationVsGain.eps Graphic file (type eps)

<eps_pics/nylon-2-4_iterationVsGain.eps>
File: eps_pics/nylon-3-4_iterationVsGain.eps Graphic file (type eps)

<eps_pics/nylon-3-4_iterationVsGain.eps>
File: eps_pics/nylon-2-3_Initial.eps Graphic file (type eps)
 <eps_pics/nylon-2-3_Initial.eps>
File: eps_pics/nylon-2-3_Final.eps Graphic file (type eps)

<eps_pics/nylon-2-3_Final.eps>
File: eps_pics/nylon-2-4_Initial.eps Graphic file (type eps)
 <eps_pics/nylon-2-4_Initial.eps>
File: eps_pics/nylon-2-4_Final.eps Graphic file (type eps)

<eps_pics/nylon-2-4_Final.eps>
File: eps_pics/nylon-3-4_Initial.eps Graphic file (type eps)
 <eps_pics/nylon-3-4_Initial.eps>
File: eps_pics/nylon-3-4_Final.eps Graphic file (type eps)

<eps_pics/nylon-3-4_Final.eps>)
Overfull \hbox (29.09177pt too wide) has occurred while \output is active
[] \OT1/cmr/m/n/12 70
 []

[70]
Overfull \hbox (29.09177pt too wide) has occurred while \output is active
[] \OT1/cmr/m/n/12 71
 []

[71]
Overfull \hbox (29.09177pt too wide) has occurred while \output is active
[] \OT1/cmr/m/n/12 72
 []

[72]
Overfull \hbox (29.09177pt too wide) has occurred while \output is active
[] \OT1/cmr/m/n/12 73
 []

[73]
Overfull \hbox (29.09177pt too wide) has occurred while \output is active
[] \OT1/cmr/m/n/12 74
 []

[74]
Overfull \hbox (29.09177pt too wide) has occurred while \output is active
[] \OT1/cmr/m/n/12 75
 []

[75]
Overfull \hbox (29.09177pt too wide) has occurred while \output is active
[] \OT1/cmr/m/n/12 76
 []

[76]
Overfull \hbox (29.09177pt too wide) has occurred while \output is active
[] \OT1/cmr/m/n/12 77
 []

[77]
Overfull \hbox (29.09177pt too wide) has occurred while \output is active
[] \OT1/cmr/m/n/12 78
 []

[78]
Chapter 5.
(./conclusion.tex
Overfull \hbox (29.09177pt too wide) has occurred while \output is active
[] \OT1/cmr/m/n/12 79
 []

[79

]) (./thesis.bbl
Overfull \hbox (29.09177pt too wide) has occurred while \output is active
[] \OT1/cmr/m/n/12 80
 []

[80]
Underfull \hbox (badness 10000) in paragraph at lines 4--10
[][]\OT1/cmr/m/n/12 Sigrid Close.  Shoot-ing Stars Can Shoot Down Satel-lites.
 []


Underfull \hbox (badness 10000) in paragraph at lines 4--10
\OT1/cmr/m/n/12 http://spectrum.ieee.org/aerospace/satellites/shooting-stars-ca
n-shoot-down-
 []


Overfull \hbox (71.90375pt too wide) in paragraph at lines 12--17
[][]\OT1/cmr/m/n/12 NASA.  Or-bital De-bris.  http://www.nasa.gov/mission[]page
s/station/news/orbital[]debris.html,
 []


Underfull \hbox (badness 10000) in paragraph at lines 19--23
[][]\OT1/cmr/m/n/12 NASA.  Hy-per-ve-loc-ity Im-pact Tech-nol-ogy.
 []


Overfull \hbox (29.09177pt too wide) has occurred while \output is active
[] \OT1/cmr/m/n/12 81
 []

[81

]
Overfull \hbox (29.09177pt too wide) has occurred while \output is active
[] \OT1/cmr/m/n/12 82
 []

[82]
Overfull \hbox (29.09177pt too wide) has occurred while \output is active
[] \OT1/cmr/m/n/12 83
 []

[83]
Overfull \hbox (29.09177pt too wide) has occurred while \output is active
[] \OT1/cmr/m/n/12 84
 []

[84]
Overfull \hbox (29.09177pt too wide) has occurred while \output is active
[] \OT1/cmr/m/n/12 85
 []

[85]
Overfull \hbox (29.09177pt too wide) has occurred while \output is active
[] \OT1/cmr/m/n/12 86
 []

[86]
Overfull \hbox (29.09177pt too wide) has occurred while \output is active
[] \OT1/cmr/m/n/12 87
 []

[87]
Overfull \hbox (29.09177pt too wide) has occurred while \output is active
[] \OT1/cmr/m/n/12 88
 []

[88])
Overfull \hbox (29.09177pt too wide) has occurred while \output is active
[] \OT1/cmr/m/n/12 89
 []

[89] (./code_appendix.tex
LaTeX Font Info:    Try loading font information for OT1+pcr on input line 4.

(/usr/share/texlive/texmf-dist/tex/latex/psnfss/ot1pcr.fd
File: ot1pcr.fd 2001/06/04 font definitions for OT1/pcr.
)
LaTeX Font Info:    Try loading font information for TS1+pcr on input line 16.

(/usr/share/texlive/texmf-dist/tex/latex/psnfss/ts1pcr.fd
File: ts1pcr.fd 2001/06/04 font definitions for TS1/pcr.
)
Overfull \hbox (29.09177pt too wide) has occurred while \output is active
[] \OT1/cmr/m/n/12 90
 []

[90

]
Overfull \hbox (29.09177pt too wide) has occurred while \output is active
[] \OT1/cmr/m/n/12 91
 []

[91]
LaTeX Font Info:    Try loading font information for OMS+pcr on input line 53.
 (/usr/share/texlive/texmf-dist/tex/latex/psnfss/omspcr.fd
File: omspcr.fd 
)
LaTeX Font Info:    Font shape `OMS/pcr/m/n' in size <10> not available
(Font)              Font shape `OMS/cmsy/m/n' tried instead on input line 53.

Overfull \hbox (29.09177pt too wide) has occurred while \output is active
[] \OT1/cmr/m/n/12 92
 []

[92]
Overfull \hbox (29.09177pt too wide) has occurred while \output is active
[] \OT1/cmr/m/n/12 93
 []

[93]
Overfull \hbox (29.09177pt too wide) has occurred while \output is active
[] \OT1/cmr/m/n/12 94
 []

[94]
Overfull \hbox (29.09177pt too wide) has occurred while \output is active
[] \OT1/cmr/m/n/12 95
 []

[95]
Overfull \hbox (29.09177pt too wide) has occurred while \output is active
[] \OT1/cmr/m/n/12 96
 []

[96]
Overfull \hbox (29.09177pt too wide) has occurred while \output is active
[] \OT1/cmr/m/n/12 97
 []

[97]
Overfull \hbox (29.09177pt too wide) has occurred while \output is active
[] \OT1/cmr/m/n/12 98
 []

[98]
Overfull \hbox (29.09177pt too wide) has occurred while \output is active
[] \OT1/cmr/m/n/12 99
 []

[99]
Overfull \hbox (34.9667pt too wide) has occurred while \output is active
[] \OT1/cmr/m/n/12 100
 []

[100]
Overfull \hbox (34.9667pt too wide) has occurred while \output is active
[] \OT1/cmr/m/n/12 101
 []

[101]
Overfull \hbox (34.9667pt too wide) has occurred while \output is active
[] \OT1/cmr/m/n/12 102
 []

[102]
Overfull \hbox (10.38452pt too wide) in paragraph at lines 344--345
[][][][][][][][][][][][][][][][][][][][][][][][][][][][][][][][][][][][][][][][
][][][][][][][][][][][][][][][][][][][][][][][][][][][][][][][][][][][][][][][]
[][][][] 
 []


Overfull \hbox (34.9667pt too wide) has occurred while \output is active
[] \OT1/cmr/m/n/12 103
 []

[103]
Overfull \hbox (34.9667pt too wide) has occurred while \output is active
[] \OT1/cmr/m/n/12 104
 []

[104]
Overfull \hbox (34.9667pt too wide) has occurred while \output is active
[] \OT1/cmr/m/n/12 105
 []

[105]
Overfull \hbox (34.9667pt too wide) has occurred while \output is active
[] \OT1/cmr/m/n/12 106
 []

[106]
Overfull \hbox (34.9667pt too wide) has occurred while \output is active
[] \OT1/cmr/m/n/12 107
 []

[107]
Overfull \hbox (34.9667pt too wide) has occurred while \output is active
[] \OT1/cmr/m/n/12 108
 []

[108]
Overfull \hbox (34.9667pt too wide) has occurred while \output is active
[] \OT1/cmr/m/n/12 109
 []

[109]
Overfull \hbox (34.9667pt too wide) has occurred while \output is active
[] \OT1/cmr/m/n/12 110
 []

[110])
Overfull \hbox (34.9667pt too wide) has occurred while \output is active
[] \OT1/cmr/m/n/12 111
 []

[111] (./thesis.aux) ) 
Here is how much of TeX's memory you used:
 8819 strings out of 493500
 123718 string characters out of 3143858
 224229 words of memory out of 3000000
 11841 multiletter control sequences out of 15000+200000
 16631 words of font info for 65 fonts, out of 3000000 for 9000
 953 hyphenation exceptions out of 8191
 54i,22n,92p,2472b,1532s stack positions out of 5000i,500n,10000p,200000b,50000s

Output written on thesis.dvi (123 pages, 392464 bytes).
