\BOOKMARK [0][-]{chapter*.3}{List of Figures}{}% 1
\BOOKMARK [0][-]{chapter.1}{Introduction}{}% 2
\BOOKMARK [1][-]{section.1.1}{Self-Healing}{chapter.1}% 3
\BOOKMARK [1][-]{section.1.2}{Accelerating the Self-Healing Process}{chapter.1}% 4
\BOOKMARK [1][-]{section.1.3}{Implementation}{chapter.1}% 5
\BOOKMARK [2][-]{subsection.1.3.1}{Damage Sensing}{section.1.3}% 6
\BOOKMARK [2][-]{subsection.1.3.2}{Time Reversal Focusing}{section.1.3}% 7
\BOOKMARK [1][-]{section.1.4}{Objectives}{chapter.1}% 8
\BOOKMARK [0][-]{chapter.2}{Modeling}{}% 9
\BOOKMARK [1][-]{section.2.1}{One Dimensional Wave Equation}{chapter.2}% 10
\BOOKMARK [1][-]{section.2.2}{Piezoelectric transducers}{chapter.2}% 11
\BOOKMARK [1][-]{section.2.3}{Rod with Transducers}{chapter.2}% 12
\BOOKMARK [1][-]{section.2.4}{Cracked Rod with Transducers}{chapter.2}% 13
\BOOKMARK [1][-]{section.2.5}{One Dimensional Time Reversal Focusing at a Crack}{chapter.2}% 14
\BOOKMARK [1][-]{section.2.6}{Time Reversal Focusing in Two Dimensions}{chapter.2}% 15
\BOOKMARK [0][-]{chapter.3}{Experiments}{}% 16
\BOOKMARK [1][-]{section.3.1}{Hardware and Software}{chapter.3}% 17
\BOOKMARK [1][-]{section.3.2}{Crack Detection Tests}{chapter.3}% 18
\BOOKMARK [1][-]{section.3.3}{Time Reversal Tests}{chapter.3}% 19
\BOOKMARK [2][-]{subsection.3.3.1}{Interrogatory Phase}{section.3.3}% 20
\BOOKMARK [2][-]{subsection.3.3.2}{Selection Phase}{section.3.3}% 21
\BOOKMARK [2][-]{subsection.3.3.3}{Time Reversal Focusing Phase}{section.3.3}% 22
\BOOKMARK [2][-]{subsection.3.3.4}{Iterative Time Reversal}{section.3.3}% 23
\BOOKMARK [0][-]{chapter.4}{Results}{}% 24
\BOOKMARK [1][-]{section.4.1}{Diode Damping Circuit}{chapter.4}% 25
\BOOKMARK [1][-]{section.4.2}{Crack Detection Results}{chapter.4}% 26
\BOOKMARK [1][-]{section.4.3}{Single Iteration Time Reversal Results}{chapter.4}% 27
\BOOKMARK [2][-]{subsection.4.3.1}{Steel Rods Single Iteration Results}{section.4.3}% 28
\BOOKMARK [2][-]{subsection.4.3.2}{Nylon Rods Single Iteration Results}{section.4.3}% 29
\BOOKMARK [1][-]{section.4.4}{Iterative Time Reversal Results}{chapter.4}% 30
\BOOKMARK [2][-]{subsection.4.4.1}{Steel Rods Multiple Iteration Results}{section.4.4}% 31
\BOOKMARK [2][-]{subsection.4.4.2}{Nylon Rods Multiple Iteration Results}{section.4.4}% 32
\BOOKMARK [0][-]{chapter.5}{Conclusion}{}% 33
\BOOKMARK [0][-]{chapter*.5}{Bibliography}{}% 34
\BOOKMARK [0][-]{chapter*.6}{Code Appendix}{}% 35
\BOOKMARK [1][-]{section*.7}{Crack Detection Matlab Plot Code}{chapter*.6}% 36
\BOOKMARK [1][-]{lstnumber.-1.85}{Time Reversal Results Matlab Plot Code}{chapter*.6}% 37
