This is pdfTeX, Version 3.1415926-2.3-1.40.12 (MiKTeX 2.9) (preloaded format=pdflatex 2012.1.6)  9 FEB 2012 15:35
entering extended mode
**C:/Users/jb-office/Desktop/Folders/ADL/SPIE*2012/spie_1-23-2012.tex
("C:/Users/jb-office/Desktop/Folders/ADL/SPIE 2012/spie_1-23-2012.tex"
LaTeX2e <2011/06/27>
Babel <v3.8m> and hyphenation patterns for english, afrikaans, ancientgreek, ar
abic, armenian, assamese, basque, bengali, bokmal, bulgarian, catalan, coptic, 
croatian, czech, danish, dutch, esperanto, estonian, farsi, finnish, french, ga
lician, german, german-x-2009-06-19, greek, gujarati, hindi, hungarian, iceland
ic, indonesian, interlingua, irish, italian, kannada, kurmanji, lao, latin, lat
vian, lithuanian, malayalam, marathi, mongolian, mongolianlmc, monogreek, ngerm
an, ngerman-x-2009-06-19, nynorsk, oriya, panjabi, pinyin, polish, portuguese, 
romanian, russian, sanskrit, serbian, slovak, slovenian, spanish, swedish, swis
sgerman, tamil, telugu, turkish, turkmen, ukenglish, ukrainian, uppersorbian, u
senglishmax, welsh, loaded.
("C:\Users\jb-office\Desktop\Folders\ADL\SPIE 2012\spie.cls"
Document Class: spie 2008/01/19 v3.3 SPIE Proceedings class
("C:\Program Files\MiKTeX 2.9\tex\latex\base\article.cls"
Document Class: article 2007/10/19 v1.4h Standard LaTeX document class
("C:\Program Files\MiKTeX 2.9\tex\latex\base\size10.clo"
File: size10.clo 2007/10/19 v1.4h Standard LaTeX file (size option)
)
\c@part=\count79
\c@section=\count80
\c@subsection=\count81
\c@subsubsection=\count82
\c@paragraph=\count83
\c@subparagraph=\count84
\c@figure=\count85
\c@table=\count86
\abovecaptionskip=\skip41
\belowcaptionskip=\skip42
\bibindent=\dimen102
)
ten-point font
("C:\Users\jb-office\Desktop\Folders\ADL\SPIE 2012\ifthen.sty"
Package: ifthen 2001/05/26 v1.1c Standard LaTeX ifthen package (DPC)
)
("C:\Users\jb-office\Desktop\Folders\ADL\SPIE 2012\cite.sty"
LaTeX Info: Redefining \cite on input line 285.
LaTeX Info: Redefining \nocite on input line 356.
Package: cite 2009/08/29  v 5.2
LaTeX Info: Redefining \cite on input line 437.
)
\c@theorem=\count87
)
a4paper used
("C:\Program Files\MiKTeX 2.9\tex\latex\graphics\graphicx.sty"
Package: graphicx 1999/02/16 v1.0f Enhanced LaTeX Graphics (DPC,SPQR)

("C:\Program Files\MiKTeX 2.9\tex\latex\graphics\keyval.sty"
Package: keyval 1999/03/16 v1.13 key=value parser (DPC)
\KV@toks@=\toks14
)
("C:\Program Files\MiKTeX 2.9\tex\latex\graphics\graphics.sty"
Package: graphics 2009/02/05 v1.0o Standard LaTeX Graphics (DPC,SPQR)

("C:\Program Files\MiKTeX 2.9\tex\latex\graphics\trig.sty"
Package: trig 1999/03/16 v1.09 sin cos tan (DPC)
)
("C:\Program Files\MiKTeX 2.9\tex\latex\00miktex\graphics.cfg"
File: graphics.cfg 2007/01/18 v1.5 graphics configuration of teTeX/TeXLive
)
Package graphics Info: Driver file: pdftex.def on input line 91.

("C:\Program Files\MiKTeX 2.9\tex\latex\pdftex-def\pdftex.def"
File: pdftex.def 2011/05/27 v0.06d Graphics/color for pdfTeX

("C:\Program Files\MiKTeX 2.9\tex\generic\oberdiek\infwarerr.sty"
Package: infwarerr 2010/04/08 v1.3 Providing info/warning/message (HO)
)
("C:\Program Files\MiKTeX 2.9\tex\generic\oberdiek\ltxcmds.sty"
Package: ltxcmds 2011/04/18 v1.20 LaTeX kernel commands for general use (HO)
)
\Gread@gobject=\count88
))
\Gin@req@height=\dimen103
\Gin@req@width=\dimen104
)
("C:\Program Files\MiKTeX 2.9\tex\latex\ltxmisc\anysize.sty"
Package: anysize 1994/08/13 1.0 Contributed LaTeX2e package

Package: `anysize' 1.0 <1994/08/13>
\@Leftmargin=\dimen105
\@Rightmargin=\dimen106
\@Topmargin=\dimen107
\@Bottommargin=\dimen108
) ("C:\Users\jb-office\Desktop\Folders\ADL\SPIE 2012\spie_1-23-2012.aux")
LaTeX Font Info:    Checking defaults for OML/cmm/m/it on input line 25.
LaTeX Font Info:    ... okay on input line 25.
LaTeX Font Info:    Checking defaults for T1/cmr/m/n on input line 25.
LaTeX Font Info:    ... okay on input line 25.
LaTeX Font Info:    Checking defaults for OT1/cmr/m/n on input line 25.
LaTeX Font Info:    ... okay on input line 25.
LaTeX Font Info:    Checking defaults for OMS/cmsy/m/n on input line 25.
LaTeX Font Info:    ... okay on input line 25.
LaTeX Font Info:    Checking defaults for OMX/cmex/m/n on input line 25.
LaTeX Font Info:    ... okay on input line 25.
LaTeX Font Info:    Checking defaults for U/cmr/m/n on input line 25.
LaTeX Font Info:    ... okay on input line 25.

(C:\Users\jb-office\AppData\Roaming\MiKTeX\2.9\tex\context\base\supp-pdf.mkii
[Loading MPS to PDF converter (version 2006.09.02).]
\scratchcounter=\count89
\scratchdimen=\dimen109
\scratchbox=\box26
\nofMPsegments=\count90
\nofMParguments=\count91
\everyMPshowfont=\toks15
\MPscratchCnt=\count92
\MPscratchDim=\dimen110
\MPnumerator=\count93
\makeMPintoPDFobject=\count94
\everyMPtoPDFconversion=\toks16
)
cmr-font_in_spiecls
10pt
LaTeX Font Info:    External font `cmex10' loaded for size
(Font)              <9> on input line 26.
LaTeX Font Info:    External font `cmex10' loaded for size
(Font)              <6> on input line 26.
LaTeX Font Info:    External font `cmex10' loaded for size
(Font)              <5> on input line 26.
LaTeX Font Info:    External font `cmex10' loaded for size
(Font)              <7> on input line 39.
[1

{C:/Users/jb-office/AppData/Local/MiKTeX/2.9/pdftex/config/pdftex.map}]
<epoxy_rod.jpg, id=12, 313.17pt x 115.18031pt>
File: epoxy_rod.jpg Graphic file (type jpg)
 <use epoxy_rod.jpg>
Package pdftex.def Info: epoxy_rod.jpg used on input line 67.
(pdftex.def)             Requested size: 425.51848pt x 156.49014pt.

Overfull \hbox (16.41801pt too wide) in paragraph at lines 66--69
 [] 
 []


LaTeX Warning: `!h' float specifier changed to `!ht'.

<speaker.jpg, id=13, 338.76563pt x 207.02344pt>
File: speaker.jpg Graphic file (type jpg)
 <use speaker.jpg>
Package pdftex.def Info: speaker.jpg used on input line 80.
(pdftex.def)             Requested size: 395.7649pt x 241.84842pt.


LaTeX Warning: `!h' float specifier changed to `!ht'.

[2] <steel_rods.jpg, id=17, 368.87813pt x 188.20313pt>
File: steel_rods.jpg Graphic file (type jpg)
 <use steel_rods.jpg>
Package pdftex.def Info: steel_rods.jpg used on input line 97.
(pdftex.def)             Requested size: 474.05922pt x 241.84842pt.

Overfull \hbox (64.95876pt too wide) in paragraph at lines 96--99
 [] 
 []


LaTeX Warning: `!h' float specifier changed to `!ht'.

[3 <C:/Users/jb-office/Desktop/Folders/ADL/SPIE 2012/epoxy_rod.jpg> <C:/Users/j
b-office/Desktop/Folders/ADL/SPIE 2012/speaker.jpg>]
<flow_chart.jpg, id=21, 761.09344pt x 578.16pt>
File: flow_chart.jpg Graphic file (type jpg)
 <use flow_chart.jpg>
Package pdftex.def Info: flow_chart.jpg used on input line 113.
(pdftex.def)             Requested size: 374.55331pt x 284.52756pt.


LaTeX Warning: `!h' float specifier changed to `!ht'.

<fft1.jpg, id=22, 536.0025pt x 356.83313pt>
File: fft1.jpg Graphic file (type jpg)
 <use fft1.jpg>
Package pdftex.def Info: fft1.jpg used on input line 132.
(pdftex.def)             Requested size: 363.28278pt x 241.84842pt.


LaTeX Warning: `!h' float specifier changed to `!ht'.

<fft2.jpg, id=23, 536.0025pt x 356.83313pt>
File: fft2.jpg Graphic file (type jpg)
 <use fft2.jpg>
Package pdftex.def Info: fft2.jpg used on input line 144.
(pdftex.def)             Requested size: 363.28278pt x 241.84842pt.


LaTeX Warning: `!h' float specifier changed to `!ht'.

[4 <C:/Users/jb-office/Desktop/Folders/ADL/SPIE 2012/steel_rods.jpg>]
Overfull \vbox (2.25595pt too high) has occurred while \output is active []


[5 <C:/Users/jb-office/Desktop/Folders/ADL/SPIE 2012/flow_chart.jpg> <C:/Users/
jb-office/Desktop/Folders/ADL/SPIE 2012/fft1.jpg>]
<steel_tr.jpg, id=30, 903.375pt x 677.53125pt>
File: steel_tr.jpg Graphic file (type jpg)
 <use steel_tr.jpg>
Package pdftex.def Info: steel_tr.jpg used on input line 160.
(pdftex.def)             Requested size: 322.45787pt x 241.84842pt.
 [6 <C:/Users/jb-office/Desktop/Folders/ADL/SPIE 2012/fft2.jpg> <C:/Users/jb-of
fice/Desktop/Folders/ADL/SPIE 2012/steel_tr.jpg>]
<steel_theory_exp.jpg, id=34, 903.375pt x 677.53125pt>
File: steel_theory_exp.jpg Graphic file (type jpg)

<use steel_theory_exp.jpg>
Package pdftex.def Info: steel_theory_exp.jpg used on input line 176.
(pdftex.def)             Requested size: 322.45787pt x 241.84842pt.
 <epoxy_tr.jpg, id=35, 903.375pt x 677.53125pt>
File: epoxy_tr.jpg Graphic file (type jpg)

<use epoxy_tr.jpg>
Package pdftex.def Info: epoxy_tr.jpg used on input line 191.
(pdftex.def)             Requested size: 322.45787pt x 241.84842pt.


LaTeX Warning: `!h' float specifier changed to `!ht'.

("C:\Users\jb-office\Desktop\Folders\ADL\SPIE 2012\spie_1-23-2012.bbl" [7 <C:/U
sers/jb-office/Desktop/Folders/ADL/SPIE 2012/steel_theory_exp.jpg>] [8 <C:/User
s/jb-office/Desktop/Folders/ADL/SPIE 2012/epoxy_tr.jpg>]
Missing character: There is no â in font cmr10!
Missing character: There is no € in font cmr10!
Missing character: There is no ™ in font cmr10!
) [9]
("C:\Users\jb-office\Desktop\Folders\ADL\SPIE 2012\spie_1-23-2012.aux") ) 
Here is how much of TeX's memory you used:
 1418 strings out of 494045
 18753 string characters out of 3148376
 73234 words of memory out of 3000000
 4727 multiletter control sequences out of 15000+200000
 7675 words of font info for 27 fonts, out of 3000000 for 9000
 715 hyphenation exceptions out of 8191
 29i,11n,21p,1243b,343s stack positions out of 5000i,500n,10000p,200000b,50000s
<C:/Pr
ogram Files/MiKTeX 2.9/fonts/type1/public/amsfonts/cm/cmbx10.pfb><C:/Program Fi
les/MiKTeX 2.9/fonts/type1/public/amsfonts/cm/cmbx12.pfb><C:/Program Files/MiKT
eX 2.9/fonts/type1/public/amsfonts/cm/cmmi10.pfb><C:/Program Files/MiKTeX 2.9/f
onts/type1/public/amsfonts/cm/cmr10.pfb><C:/Program Files/MiKTeX 2.9/fonts/type
1/public/amsfonts/cm/cmr12.pfb><C:/Program Files/MiKTeX 2.9/fonts/type1/public/
amsfonts/cm/cmr7.pfb><C:/Program Files/MiKTeX 2.9/fonts/type1/public/amsfonts/c
m/cmr9.pfb><C:/Program Files/MiKTeX 2.9/fonts/type1/public/amsfonts/cm/cmti10.p
fb><C:/Program Files/MiKTeX 2.9/fonts/type1/public/amsfonts/cm/cmti9.pfb>
Output written on spie_1-23-2012.pdf (9 pages, 902074 bytes).
PDF statistics:
 77 PDF objects out of 1000 (max. 8388607)
 0 named destinations out of 1000 (max. 500000)
 46 words of extra memory for PDF output out of 10000 (max. 10000000)

