 -0.976771 -0.691804 -0.349287 -0.021063 -0.452988 -0.800598  0.468355
 -0.719242 -0.511460 -0.470511 -0.248263 -0.140937  0.189448 -0.553940
  1.897878
 -1.224141 -1.032038 -0.159775  0.137908 -0.346339  0.206025  0.424113
  0.476042 -0.334456 -0.159479 -0.131590 -0.268385 -0.164614 -0.482461
  1.953417
 -3.051432 -0.889267 -1.702143  0.274745 -0.542270  0.347378 -0.010938
 -0.405892 -0.849915 -0.296098  0.419874  0.719950 -1.535117 -0.549470
 -0.186356
 -1.292953 -0.853243 -0.516535  0.060862 -0.298221 -0.657549  0.323503
 -0.384169 -0.176497 -0.258038  0.141119 -0.057139  0.117409 -0.583070
  1.882408
 -1.449234 -0.926375 -3.713904 -0.631018 -0.372359 -2.876155 -0.083093
  3.200406 -0.463091  2.108174 -0.333794 -0.744018  0.655044  0.434700
 -0.654832
 -0.850606 -0.926200 -0.548519 -0.159520 -0.219555 -0.139706  0.170000
 -0.049098 -0.387505 -0.355763 -0.122197 -0.290811  0.180843 -0.554050
  1.973220
 -2.071255  5.328490  1.333203  1.858053 -1.062237 -0.979790 -0.287050
 -1.941988 -3.546932  0.198696  0.665444  0.468507 -0.889814 -0.339590
  1.635715
 -0.389046 -0.231436 -0.318437 -0.402436 -0.297831  0.138151  0.040034
 -0.665997 -1.359216  0.157764 -0.465265 -1.147532  0.477379 -0.439338
  1.716445
 -1.256420 -0.953179 -0.075206  0.001506 -0.444848 -1.073948  0.559884
 -0.821050 -0.555536 -0.380368  0.224282 -0.440692  0.174536 -0.460886
  1.839610
 -0.613733 -0.400423  0.935075 -0.822531  0.004304  1.630875 -0.755599
 -2.640126 -0.598383  0.593335 -1.547973 -1.510131  0.951512 -0.828253
  0.369885
  2.634480 -3.696068  2.255138 -0.286681 -0.952245 -1.138984  0.305685
 -0.207294 -2.593864  1.851472 -0.450606 -0.523460  2.426994 -1.718797
 -1.056225
  1.932172 -1.448288  1.021844 -2.905612  0.284346 -3.300673  3.294490
  0.544131 -1.576589 -0.465233 -0.876474 -3.961729  1.772569 -0.101400
 -1.161394
  2.935528 -4.250807 -0.433836 -0.492597  1.065236 -4.468686  0.991223
 -0.650294  0.690974 -3.821168 -1.636063 -0.167260  1.557126 -0.484215
 -2.378411
  1.694773  1.130315 -2.296849  3.838681  1.122488 -0.154617  1.602488
 -2.426723  2.059283 -0.145013  1.140849  2.023250  5.479978  1.120871
  1.508590
 -2.499845 -3.585340  2.499188  0.953256 -0.122204  0.254606  0.638507
 -0.741476 -0.557335  1.550164  1.875122  3.277153  0.344919  0.051564
  0.540751
  0.374371  0.502023  0.263708 -0.600940 -0.044192  1.906834  1.563021
  1.436856 -0.568358 -0.848485 -0.334939 -0.740836 -0.069162 -0.538439
  1.816174
 -3.074021  0.251530  0.543708 -0.531314  0.638335 -2.753541  2.423800
 -2.555904 -2.413394 -0.092423  0.355469 -0.404069  0.967396 -0.285287
 -0.342780
  0.781732 -2.929731 -5.557598  2.577480 -0.197359  1.709138  1.279816
 -1.354957 -0.465118 -1.825083  0.218607 -2.682908 -0.713405 -0.122926
 -2.784121
 -2.683946 -1.720783  2.430931  4.518343  0.613279  0.396500  0.832315
 -1.364259 -1.869312 -2.689788 -0.124342 -0.105363  0.811055 -0.559690
 -0.567043
  0.545114  0.328165  0.783510  6.441203  0.835799  2.516587  1.079622
  2.084958 -1.179870 -2.172143 -0.236735  0.293465  1.118454  3.545443
  1.422050

  1.389003  1.268728  1.117572  1.351029  2.166987  1.533002 -1.329069
  1.123574  1.323419  0.440355 -1.652569  2.070707  4.050846  1.639348
  0.339206 -2.073603  0.897441 -0.189334 -1.357772  3.090446  0.012720

  1.253167  1.338177  1.092135  1.173448  0.555210  1.319521 -1.432593
  1.324409  1.049545  0.250377  4.285844 -0.407838 -1.314399  3.218101
  0.355918  2.406554 -0.784420 -1.110325 -0.517269  0.920007  0.029502

  1.141648  1.320637  1.306289  1.008741  1.350972  1.364993  1.783803
  1.398493  1.362295 -2.536167  4.232933  0.702877 -0.153887  2.220471
  3.931062  0.684437  0.636153  6.045136 -1.463920 -1.990165  0.067201

  1.282342  1.292868  0.772829  1.263249 -0.292809  1.361792  4.139084
  2.014998  1.307074  1.509869 -0.137488 -2.375362 -1.528986  1.370830
 -0.599847  0.837681 -2.909029  0.431667 -1.672187  0.980640  0.009574

  1.168392  1.385556  1.248569  1.082458 -0.682173  1.355664 -0.539069
  0.630703  1.299755  0.077571 -0.151787 -0.563232 -0.907220 -3.017044
  0.935077  3.979698  0.204104  1.705870 -0.711641  1.596985 -0.069449

  1.410658  1.594731  1.127244  1.369532 -0.178235  1.786991 -0.300842
  1.335865  1.298196  0.710239  0.049662  3.342726  2.690475 -4.798289
  1.064656  2.061661 -0.150576  2.452537 -0.849624  1.934801  0.015125

  1.039929  1.121363  0.874710  1.108607  0.064120  1.147050 -0.175512
  0.445348  1.232265  0.290131 -0.562037 -1.709720  2.797485  1.961937
  1.620074  0.663449 -1.163664  2.152699 -1.098333 -2.250376  0.018638

  1.066793  1.842864  0.977684  1.008727  1.011596  1.237058 -1.716708
  0.540676  0.976483  0.632286 -1.969219  1.616117 -1.020537  1.737365
  0.838192  1.647021 -1.315090  1.859598 -1.192812  0.321521 -0.095776

  1.097105  0.977920  1.940248  1.256717  5.198931  0.870147 -0.569678
  1.281932  0.821378  0.749412 -5.470841 -0.841257  0.203286  0.120998
  0.836655  0.523071  3.893308  4.743556  1.113518 -2.201735 -0.060295

  1.944745  1.797198 -0.063511  2.119454 -2.769644  1.829069  4.414933
  2.917557  1.724624  2.135362  7.965868  5.109061  1.028905 -2.298950
 -5.206007  1.359899  1.226052  0.251200  1.938790 -3.894559  0.017026

  0.652921  1.260567  1.263034  0.767990  0.813142  1.084177  0.951194
  0.697133  0.519520  0.345463  0.442784 -1.019496 -2.149840 -1.790513
  1.184921  0.712492 -1.547761  1.334390  3.013567  0.448600  0.069042

  0.763158  0.705801  1.592424  0.706428 -0.201465  0.785199 -2.226865
  1.191638  0.621548  3.031087 -2.392307 -1.622118 -1.856303 -0.913165
 -0.269417  0.281590 -0.789448  2.346299  1.147959 -0.672173  0.021928

  1.368382  1.314949  1.229538  1.336423  0.474347  1.331179  2.368038
  1.334628  1.072263  1.175505 -2.083043 -0.664339 -1.562250 -1.094936
 -0.078793 -0.538421  2.093077 -2.798066  2.189889  2.919163  0.042785

  0.850627  0.886820  0.706504  0.883167 -0.238170  0.760979  1.829177
  0.947183  0.556866  0.777564 -2.164120  0.433048 -2.032627 -1.677065
  0.447617  0.417460  0.478814 -2.177711 -1.648256 -2.318718  0.090280

  1.642732  1.694602  1.304803  1.386578 -1.495275  1.916438  4.337112
  1.549168  1.445214 -1.646357  2.783862  1.093396 -2.575962  2.325681
  0.705298 -1.026411 -0.754824 -0.451833 -0.420950 -0.308371 -0.034869

  1.016855  1.340464  0.887360  1.019013  4.328630  1.221995 -1.072686
  1.664508  0.941426  0.713668  2.462370  1.094087 -4.202585  0.154062
  0.628481 -0.195588 -0.094657  2.988027 -0.880659 -0.450350  0.031808

  1.054719  1.380386  0.920472  1.158805  0.886960  1.174919 -1.677587
  0.570462  1.026145  0.670207 -1.838741 -0.652041 -0.072465  1.998413
 -0.647617 -0.115948 -1.912915 -4.104842 -0.231090 -0.558469 -0.099975

  0.841060  1.244268  0.809489  0.945033  0.236507  1.177648  0.205158
  1.061279  0.700255  1.004593  0.928442  0.495281 -1.554859 -3.126823
 -0.151533  0.129007 -0.666464 -3.621043 -1.131674  1.504708  0.064752

  0.931097  0.752007  0.698446  0.676465 -0.551600  0.925651 -1.643572
  1.060079  1.065449  1.366752  2.551770  1.836993  0.934189 -0.660481
  1.296195 -0.213512 -0.977979 -1.733206  0.159620 -3.724575  0.016133

  1.202114  1.308852  0.804097  1.094674  1.449970  1.181813 -2.680238
  1.150779  0.751829  0.636282 -0.864148  1.199882  0.287289 -2.440487
  0.300896  0.481541 -1.523818 -0.555084 -1.685606 -4.190070  0.084913

  2.040276  1.902741  1.001110  1.719308 -4.775892  1.931221  5.158053
  2.032779  1.674042  1.898811 -2.602653  5.056960  6.612717  2.687472
 -4.562155 -0.847772 -3.922656 -5.311149 -0.967958  1.071908  0.061336

  2.506648  1.624163  4.427914  2.283443  0.787510  1.729108 -0.462227
  1.574433  2.357134  4.473497 -1.896930 -4.336571  3.701714  6.865369
  4.083801  0.513516  1.503947  4.250822  4.554072  2.739804  0.048361

 -0.958967 -0.052975 -0.049618 -0.995256  4.390463 -0.737975  0.512911
  0.410442  1.442672  4.280271  0.196966 -0.715965 -0.150000  4.026075
  0.643264  3.330302  4.389846  0.138544 -1.660800 -0.602018  0.035117

  2.561675  2.929140 -0.015521  3.298009 -5.180489  3.368760  2.835145
  1.770993  1.460611 -1.583969 -0.603909  1.788045  2.329166 -2.294941
  2.174250  1.603987  3.492254 -7.804176  1.211813  1.236346  0.019213

  2.568639  2.433018  1.750784  2.581597  0.715228  2.280321  5.273979
  2.679354  2.336093 -0.263850  3.201343  4.935975  3.134210 -1.324045
 -0.118228  0.371016  1.005638  4.309818  4.196864  6.189112 -0.052760

  1.642644  1.154264  1.002463  0.958137 -0.438024  1.203410 -1.355130
  1.065219  1.104345  0.164003  0.649081  0.028279  1.538302  0.863498
 -0.181762  1.325356 -1.894063  2.141854  2.732100  0.975598 -0.059975


