  0.089666 -0.010826  0.070354  0.093245  0.006665 -0.098766  0.019487
 -0.096612  0.087547 -0.040447 -0.082242 -0.043223  0.001620 -0.090188
  0.018723
  0.003766  0.048703 -0.071147 -0.012530 -0.025033  0.013378  0.029188
  0.082221 -0.001065  0.068256  0.008436  0.055257 -0.008623  0.033367
  0.055824
  0.039712  0.023033 -0.055002  0.010066  0.016278  0.051664  0.011300
 -0.064235  0.055052 -0.001153 -0.004683  0.072809  0.055624  0.096937
  0.082621
 -0.025653  0.000703  0.031325  0.003200  0.088174 -0.093708 -0.083422
  0.017362  0.088513  0.015514 -0.014382 -0.003051 -0.029229  0.076995
 -0.069684
 -0.073405  0.016708  0.053349 -0.028406 -0.073226 -0.030373 -0.076743
  0.038074  0.005392  0.078309 -0.063079 -0.099291  0.051119  0.092545
  0.097647
  0.033740 -0.033108 -0.001650 -0.034935  0.070092 -0.013476 -0.028643
  0.086670 -0.096114 -0.040131  0.002184 -0.010496  0.056819  0.072955
 -0.033501
  0.087135  0.099550  0.083207  0.040484 -0.028856 -0.090019 -0.089889
 -0.005599  0.048054  0.015503 -0.027289  0.084975  0.016213 -0.076171
  0.077519
  0.013859  0.057570 -0.055589 -0.087791 -0.077365 -0.085497 -0.001267
 -0.006009 -0.098827  0.002619  0.053861  0.003357  0.092123  0.010679
 -0.023688
 -0.041378 -0.002186 -0.024138 -0.058171 -0.061702  0.047006 -0.048190
 -0.051591 -0.058593  0.099864  0.063913  0.014118  0.084839 -0.019875
  0.037948
  0.062358  0.093984 -0.004483 -0.093231 -0.093806  0.018152 -0.078728
  0.004927 -0.087857 -0.077555 -0.092455  0.066004  0.025802  0.099668
 -0.023317
 -0.097887 -0.041709  0.074497 -0.022025  0.000120 -0.087205 -0.075019
  0.051929 -0.038795 -0.033612  0.051793 -0.074883  0.080506  0.036632
  0.005242
  0.018454 -0.001010 -0.000774 -0.086029  0.005759  0.005420  0.032123
  0.027031 -0.089653  0.044266  0.049476 -0.082108  0.010270 -0.024722
 -0.082440
  0.086953 -0.022609 -0.024149  0.061450  0.055367  0.075971  0.074246
  0.080348  0.027900 -0.064550 -0.053264 -0.020307 -0.039433 -0.072757
 -0.083675
  0.065810  0.045697  0.015315 -0.034964  0.059668 -0.078926  0.070456
 -0.008209  0.048105  0.080803 -0.063942 -0.002419  0.098695  0.046328
  0.072859
 -0.083745  0.033281 -0.049750 -0.007894 -0.005268 -0.094383 -0.031924
 -0.031023  0.085965  0.095977  0.004428 -0.067299 -0.024330  0.064995
 -0.040056
 -0.008005  0.030805 -0.094359 -0.092690  0.095841  0.065309 -0.071617
  0.066297 -0.042899  0.076488  0.047099 -0.006842 -0.025931  0.045794
 -0.060513
 -0.053072  0.062049  0.072768 -0.002822 -0.045846 -0.032500  0.002795
  0.022231  0.036477 -0.011239  0.018207 -0.059095  0.021462  0.093877
 -0.094100
  0.081406 -0.014128  0.036704  0.087047 -0.006819  0.032545  0.052356
  0.021565 -0.001158 -0.090544 -0.001948 -0.054059  0.002615  0.072121
  0.091734
  0.042101 -0.080951  0.053783  0.014869  0.016227 -0.092063  0.082369
 -0.080977  0.030168  0.018846  0.007783 -0.051625  0.059751 -0.070755
 -0.057747
  0.065650 -0.089349  0.028124  0.002355  0.097698 -0.078694 -0.065100
  0.050053  0.042871  0.033741  0.059510 -0.059077  0.079682 -0.037875
 -0.086956

  0.071416 -0.095774 -0.067907  0.025199  0.019095  0.048321  0.033137
  0.001464  0.067343 -0.036695 -0.079690 -0.024873  0.011680  0.080060
  0.004372  0.053933  0.045710  0.015023 -0.017943 -0.051935  0.012720

  0.003363 -0.017035 -0.037226 -0.053766 -0.083294 -0.077716 -0.012843
  0.096388 -0.015592  0.000201  0.067805 -0.011366  0.032295 -0.006996
 -0.092271 -0.019385 -0.073859  0.009193 -0.052041 -0.010554  0.029502

  0.023085 -0.098874  0.009562 -0.072543  0.055059 -0.044727  0.042480
 -0.062883  0.003338 -0.044800  0.040480  0.086303  0.017974  0.086714
 -0.096991  0.040258 -0.026129  0.099397 -0.075334  0.074073  0.067201

  0.013300  0.006367 -0.039795  0.021029  0.086983 -0.013654 -0.069778
 -0.065058  0.075792  0.059724  0.058027  0.076918 -0.030714  0.085484
  0.031978  0.024559  0.027964  0.069094 -0.072103  0.083164  0.009574

 -0.085800  0.001139 -0.003711 -0.082791 -0.058603  0.070160 -0.083394
 -0.033937  0.044233  0.083807  0.079363 -0.049400 -0.055988  0.000392
 -0.062417  0.030359  0.030614 -0.027476  0.006151 -0.009662 -0.069449

 -0.016931  0.059624 -0.083965 -0.084954 -0.015817  0.043999  0.084141
  0.012080  0.027164 -0.006285  0.026280 -0.071698  0.090004  0.043489
 -0.030301  0.060164  0.060094  0.035762  0.004396  0.043901  0.015125

  0.054996  0.087914 -0.084483  0.092579  0.018272  0.046131 -0.034896
 -0.075577 -0.063531 -0.004345  0.007492  0.096093  0.011690  0.022538
 -0.019723 -0.044310  0.006679  0.092357  0.082853 -0.099606  0.018638

 -0.088844  0.090398 -0.037874 -0.019145  0.050561 -0.077779 -0.083384
 -0.045042  0.066122  0.031741 -0.090046  0.054036  0.047258 -0.097467
 -0.027691 -0.006611 -0.032363 -0.003268  0.029858  0.063292 -0.095776

  0.025951 -0.025018  0.026762 -0.093772  0.030672 -0.066560  0.098585
  0.013525 -0.066166  0.017223  0.024681 -0.075768  0.079349 -0.094464
  0.074793 -0.098430 -0.077848 -0.070249  0.067693  0.053893 -0.060295

  0.021729  0.001151 -0.057762  0.094038  0.094540  0.009874 -0.009230
  0.024397 -0.026834 -0.005007 -0.049651  0.048148 -0.078245 -0.043423
 -0.021180 -0.044805 -0.044838  0.092345 -0.010970  0.072385  0.017026

  0.013261  0.051734  0.022562 -0.011946  0.053304  0.044713  0.017805
  0.020997 -0.001394  0.057509 -0.057274  0.099757  0.099747 -0.063236
  0.094296  0.009621  0.027534  0.018694  0.082787 -0.077473  0.069042

  0.030936 -0.055718 -0.074381 -0.090245 -0.000523 -0.019219 -0.097900
  0.088507 -0.046834  0.019126  0.001768 -0.095100 -0.058312  0.089822
  0.058204  0.086401  0.007627 -0.020799 -0.014992 -0.034864  0.021928

 -0.015236 -0.035116  0.058692 -0.020939  0.074505 -0.013775  0.097755
  0.057292  0.008752  0.066797 -0.011772  0.053034  0.092416 -0.002017
 -0.047489 -0.026803  0.000084 -0.058983  0.026363 -0.080790  0.042785

  0.031262 -0.039102  0.032607 -0.010533 -0.052701 -0.059766  0.068668
  0.032307  0.005371 -0.009404 -0.082929  0.070254 -0.050713 -0.003868
  0.044759  0.035513 -0.006114  0.002052 -0.055736 -0.039317  0.090280

  0.097298 -0.046901 -0.011737 -0.050191  0.026296  0.088347 -0.009174
 -0.047341 -0.092444 -0.066389  0.083921 -0.031546  0.066218 -0.026612
  0.015753 -0.093547 -0.057944 -0.051940  0.011824  0.032652 -0.034869

 -0.017922  0.081939  0.061263 -0.073163  0.017452 -0.044851  0.028889
  0.061716  0.015833  0.019169  0.059014  0.068932 -0.092568 -0.091177
 -0.004772  0.095778 -0.000351  0.047887 -0.096666  0.033260  0.031808

 -0.028211 -0.000522 -0.094804  0.087542  0.005931 -0.052748 -0.064398
 -0.082246  0.079904  0.000733 -0.000168  0.061843 -0.038004  0.026669
 -0.020705  0.017146 -0.044442 -0.058989 -0.067022  0.074727 -0.099975

 -0.098090  0.082159 -0.091152 -0.002861  0.077937  0.008497 -0.054975
  0.081271 -0.058243  0.076833 -0.046940  0.041235  0.082029 -0.059398
 -0.052834 -0.070719 -0.023796 -0.035080 -0.090815  0.076937  0.064752

  0.071028 -0.061067 -0.008578 -0.049677  0.056079  0.046980 -0.008666
  0.089057  0.021707 -0.008642  0.090968  0.003866  0.000206 -0.011894
 -0.018198 -0.091297  0.033132 -0.036927 -0.049540  0.009965  0.016133

  0.091694 -0.008006  0.056735 -0.061140  0.021276 -0.067061  0.003780
  0.030461 -0.090124 -0.031467  0.001489 -0.051191  0.059955  0.051812
 -0.095112  0.006935 -0.056854  0.093945 -0.071358  0.034504  0.084913

  0.032508 -0.065290 -0.026981 -0.085690 -0.056587 -0.093850 -0.022617
 -0.006127  0.016115  0.093516 -0.014433 -0.091890  0.050251  0.024428
  0.029385  0.083190 -0.071792 -0.040154  0.093066 -0.003259  0.061336

 -0.058126 -0.043304  0.013148 -0.053238  0.063630  0.056293 -0.059293
  0.092272 -0.009203 -0.074380  0.024780  0.025508 -0.001361  0.039090
  0.068921  0.004789 -0.083526 -0.037206 -0.079095 -0.090010  0.048361

 -0.070986  0.060242 -0.027211  0.058400  0.043432  0.000997 -0.081754
  0.036497  0.097738  0.079581  0.078372 -0.045566 -0.007271 -0.074866
 -0.081936 -0.050978 -0.034159 -0.089664  0.039820 -0.008539  0.035117

 -0.034673  0.090100 -0.025793 -0.065752 -0.005111 -0.009319 -0.002958
  0.015794  0.000671 -0.054596  0.044808 -0.039087  0.018193  0.003208
 -0.095656 -0.080810  0.021454  0.040841 -0.083072  0.001035  0.019213

 -0.028638  0.093764  0.044347 -0.010574 -0.057214 -0.089812 -0.000238
  0.082606  0.001649 -0.065121 -0.052067 -0.008251  0.009086 -0.017819
  0.086638  0.099767  0.079224  0.002432  0.000438 -0.075373 -0.052760

  0.061351  0.042820  0.050448  0.065695  0.062010 -0.028098  0.006537
  0.078939  0.072937 -0.074250 -0.049700  0.066701  0.070097  0.039726
 -0.090513  0.080285 -0.060512  0.092092 -0.018066 -0.025633 -0.059975

0 iterations
Random weights above
==============================================
